<?xml version="1.0" encoding="UTF-8"?>
<coverage generated="1629926510539" clover="3.2.0">
  <project timestamp="1629926510539" name="All files">
    <metrics statements="296" coveredstatements="80" conditionals="68" coveredconditionals="0" methods="108" coveredmethods="1" elements="472" coveredelements="81" complexity="0" loc="296" ncloc="296" packages="41" files="50" classes="50"/>
    <package name="components">
      <metrics statements="102" coveredstatements="4" conditionals="24" coveredconditionals="0" methods="47" coveredmethods="0"/>
      <file name="ConfirmDialog.vue" path="C:\Users\Eliedson Holanda\meta\siapen-frontend\src\components\ConfirmDialog.vue">
        <metrics statements="12" coveredstatements="0" conditionals="0" coveredconditionals="0" methods="5" coveredmethods="0"/>
        <line num="42" count="0" type="stmt"/>
        <line num="59" count="0" type="stmt"/>
        <line num="60" count="0" type="stmt"/>
        <line num="61" count="0" type="stmt"/>
        <line num="62" count="0" type="stmt"/>
        <line num="63" count="0" type="stmt"/>
        <line num="64" count="0" type="stmt"/>
        <line num="65" count="0" type="stmt"/>
        <line num="69" count="0" type="stmt"/>
        <line num="70" count="0" type="stmt"/>
        <line num="73" count="0" type="stmt"/>
        <line num="74" count="0" type="stmt"/>
      </file>
      <file name="PromptDialog.vue" path="C:\Users\Eliedson Holanda\meta\siapen-frontend\src\components\PromptDialog.vue">
        <metrics statements="14" coveredstatements="0" conditionals="0" coveredconditionals="0" methods="5" coveredmethods="0"/>
        <line num="49" count="0" type="stmt"/>
        <line num="67" count="0" type="stmt"/>
        <line num="68" count="0" type="stmt"/>
        <line num="69" count="0" type="stmt"/>
        <line num="70" count="0" type="stmt"/>
        <line num="71" count="0" type="stmt"/>
        <line num="72" count="0" type="stmt"/>
        <line num="73" count="0" type="stmt"/>
        <line num="77" count="0" type="stmt"/>
        <line num="78" count="0" type="stmt"/>
        <line num="79" count="0" type="stmt"/>
        <line num="82" count="0" type="stmt"/>
        <line num="83" count="0" type="stmt"/>
        <line num="84" count="0" type="stmt"/>
      </file>
      <file name="SimpleDialog.vue" path="C:\Users\Eliedson Holanda\meta\siapen-frontend\src\components\SimpleDialog.vue">
        <metrics statements="11" coveredstatements="0" conditionals="0" coveredconditionals="0" methods="5" coveredmethods="0"/>
        <line num="21" count="0" type="stmt"/>
        <line num="37" count="0" type="stmt"/>
        <line num="38" count="0" type="stmt"/>
        <line num="39" count="0" type="stmt"/>
        <line num="40" count="0" type="stmt"/>
        <line num="41" count="0" type="stmt"/>
        <line num="42" count="0" type="stmt"/>
        <line num="46" count="0" type="stmt"/>
        <line num="47" count="0" type="stmt"/>
        <line num="50" count="0" type="stmt"/>
        <line num="51" count="0" type="stmt"/>
      </file>
      <file name="TreeDialog.vue" path="C:\Users\Eliedson Holanda\meta\siapen-frontend\src\components\TreeDialog.vue">
        <metrics statements="13" coveredstatements="0" conditionals="2" coveredconditionals="0" methods="7" coveredmethods="0"/>
        <line num="26" count="0" type="stmt"/>
        <line num="43" count="0" type="stmt"/>
        <line num="46" count="0" type="cond" truecount="0" falsecount="2"/>
        <line num="51" count="0" type="stmt"/>
        <line num="52" count="0" type="stmt"/>
        <line num="53" count="0" type="stmt"/>
        <line num="54" count="0" type="stmt"/>
        <line num="55" count="0" type="stmt"/>
        <line num="56" count="0" type="stmt"/>
        <line num="60" count="0" type="stmt"/>
        <line num="61" count="0" type="stmt"/>
        <line num="64" count="0" type="stmt"/>
        <line num="65" count="0" type="stmt"/>
      </file>
      <file name="VTable.vue" path="C:\Users\Eliedson Holanda\meta\siapen-frontend\src\components\VTable.vue">
        <metrics statements="52" coveredstatements="4" conditionals="22" coveredconditionals="0" methods="25" coveredmethods="0"/>
        <line num="245" count="31" type="stmt"/>
        <line num="246" count="31" type="stmt"/>
        <line num="247" count="31" type="stmt"/>
        <line num="248" count="31" type="stmt"/>
        <line num="262" count="0" type="stmt"/>
        <line num="272" count="0" type="stmt"/>
        <line num="277" count="0" type="cond" truecount="0" falsecount="2"/>
        <line num="282" count="0" type="stmt"/>
        <line num="283" count="0" type="stmt"/>
        <line num="292" count="0" type="stmt"/>
        <line num="293" count="0" type="stmt"/>
        <line num="296" count="0" type="stmt"/>
        <line num="299" count="0" type="stmt"/>
        <line num="302" count="0" type="stmt"/>
        <line num="305" count="0" type="cond" truecount="0" falsecount="2"/>
        <line num="308" count="0" type="stmt"/>
        <line num="312" count="0" type="cond" truecount="0" falsecount="2"/>
        <line num="313" count="0" type="stmt"/>
        <line num="321" count="0" type="stmt"/>
        <line num="323" count="0" type="stmt"/>
        <line num="328" count="0" type="stmt"/>
        <line num="331" count="0" type="stmt"/>
        <line num="336" count="0" type="cond" truecount="0" falsecount="2"/>
        <line num="342" count="0" type="stmt"/>
        <line num="346" count="0" type="stmt"/>
        <line num="348" count="0" type="stmt"/>
        <line num="353" count="0" type="stmt"/>
        <line num="356" count="0" type="stmt"/>
        <line num="357" count="0" type="stmt"/>
        <line num="362" count="0" type="stmt"/>
        <line num="367" count="0" type="stmt"/>
        <line num="369" count="0" type="stmt"/>
        <line num="374" count="0" type="stmt"/>
        <line num="377" count="0" type="stmt"/>
        <line num="378" count="0" type="stmt"/>
        <line num="382" count="0" type="cond" truecount="0" falsecount="2"/>
        <line num="385" count="0" type="cond" truecount="0" falsecount="2"/>
        <line num="389" count="0" type="cond" truecount="0" falsecount="2"/>
        <line num="390" count="0" type="stmt"/>
        <line num="391" count="0" type="cond" truecount="0" falsecount="2"/>
        <line num="394" count="0" type="stmt"/>
        <line num="403" count="0" type="cond" truecount="0" falsecount="2"/>
        <line num="407" count="0" type="cond" truecount="0" falsecount="2"/>
        <line num="408" count="0" type="stmt"/>
        <line num="409" count="0" type="stmt"/>
        <line num="416" count="0" type="stmt"/>
        <line num="419" count="0" type="stmt"/>
        <line num="422" count="0" type="stmt"/>
        <line num="425" count="0" type="stmt"/>
        <line num="426" count="0" type="stmt"/>
        <line num="429" count="0" type="stmt"/>
        <line num="430" count="0" type="stmt"/>
      </file>
    </package>
    <package name="config">
      <metrics statements="15" coveredstatements="3" conditionals="6" coveredconditionals="0" methods="4" coveredmethods="0"/>
      <file name="request.js" path="C:\Users\Eliedson Holanda\meta\siapen-frontend\src\config\request.js">
        <metrics statements="15" coveredstatements="3" conditionals="6" coveredconditionals="0" methods="4" coveredmethods="0"/>
        <line num="5" count="31" type="stmt"/>
        <line num="13" count="31" type="stmt"/>
        <line num="14" count="0" type="stmt"/>
        <line num="15" count="0" type="stmt"/>
        <line num="17" count="0" type="cond" truecount="0" falsecount="4"/>
        <line num="18" count="0" type="stmt"/>
        <line num="21" count="0" type="stmt"/>
        <line num="23" count="0" type="stmt"/>
        <line num="26" count="31" type="stmt"/>
        <line num="27" count="0" type="stmt"/>
        <line num="28" count="0" type="stmt"/>
        <line num="30" count="0" type="stmt"/>
        <line num="31" count="0" type="cond" truecount="0" falsecount="2"/>
        <line num="32" count="0" type="stmt"/>
        <line num="35" count="0" type="stmt"/>
      </file>
    </package>
    <package name="mixins">
      <metrics statements="36" coveredstatements="1" conditionals="20" coveredconditionals="0" methods="11" coveredmethods="0"/>
      <file name="generic.js" path="C:\Users\Eliedson Holanda\meta\siapen-frontend\src\mixins\generic.js">
        <metrics statements="36" coveredstatements="1" conditionals="20" coveredconditionals="0" methods="11" coveredmethods="0"/>
        <line num="5" count="31" type="stmt"/>
        <line num="8" count="0" type="stmt"/>
        <line num="13" count="0" type="cond" truecount="0" falsecount="2"/>
        <line num="14" count="0" type="stmt"/>
        <line num="15" count="0" type="stmt"/>
        <line num="16" count="0" type="stmt"/>
        <line num="17" count="0" type="cond" truecount="0" falsecount="2"/>
        <line num="18" count="0" type="stmt"/>
        <line num="24" count="0" type="stmt"/>
        <line num="29" count="0" type="stmt"/>
        <line num="32" count="0" type="stmt"/>
        <line num="33" count="0" type="cond" truecount="0" falsecount="2"/>
        <line num="34" count="0" type="stmt"/>
        <line num="39" count="0" type="stmt"/>
        <line num="41" count="0" type="stmt"/>
        <line num="46" count="0" type="stmt"/>
        <line num="50" count="0" type="cond" truecount="0" falsecount="2"/>
        <line num="52" count="0" type="stmt"/>
        <line num="53" count="0" type="stmt"/>
        <line num="56" count="0" type="cond" truecount="0" falsecount="2"/>
        <line num="58" count="0" type="stmt"/>
        <line num="59" count="0" type="stmt"/>
        <line num="62" count="0" type="cond" truecount="0" falsecount="2"/>
        <line num="63" count="0" type="stmt"/>
        <line num="66" count="0" type="cond" truecount="0" falsecount="2"/>
        <line num="67" count="0" type="stmt"/>
        <line num="70" count="0" type="cond" truecount="0" falsecount="2"/>
        <line num="71" count="0" type="stmt"/>
        <line num="74" count="0" type="stmt"/>
        <line num="77" count="0" type="stmt"/>
        <line num="80" count="0" type="cond" truecount="0" falsecount="2"/>
        <line num="81" count="0" type="stmt"/>
        <line num="82" count="0" type="stmt"/>
        <line num="85" count="0" type="cond" truecount="0" falsecount="2"/>
        <line num="86" count="0" type="stmt"/>
        <line num="87" count="0" type="stmt"/>
      </file>
    </package>
    <package name="plugins">
      <metrics statements="3" coveredstatements="3" conditionals="0" coveredconditionals="0" methods="0" coveredmethods="0"/>
      <file name="i18n.js" path="C:\Users\Eliedson Holanda\meta\siapen-frontend\src\plugins\i18n.js">
        <metrics statements="3" coveredstatements="3" conditionals="0" coveredconditionals="0" methods="0" coveredmethods="0"/>
        <line num="4" count="31" type="stmt"/>
        <line num="6" count="31" type="stmt"/>
        <line num="10" count="31" type="stmt"/>
      </file>
    </package>
    <package name="router">
      <metrics statements="12" coveredstatements="7" conditionals="4" coveredconditionals="0" methods="5" coveredmethods="1"/>
      <file name="index.js" path="C:\Users\Eliedson Holanda\meta\siapen-frontend\src\router\index.js">
        <metrics statements="12" coveredstatements="7" conditionals="4" coveredconditionals="0" methods="5" coveredmethods="1"/>
        <line num="5" count="31" type="stmt"/>
        <line num="7" count="31" type="stmt"/>
        <line num="9" count="31" type="stmt"/>
        <line num="133" count="31" type="stmt"/>
        <line num="134" count="3441" type="stmt"/>
        <line num="136" count="0" type="stmt"/>
        <line num="140" count="31" type="stmt"/>
        <line num="147" count="0" type="stmt"/>
        <line num="157" count="31" type="stmt"/>
        <line num="158" count="0" type="stmt"/>
        <line num="159" count="0" type="cond" truecount="0" falsecount="4"/>
        <line num="160" count="0" type="stmt"/>
      </file>
    </package>
    <package name="services">
      <metrics statements="71" coveredstatements="22" conditionals="8" coveredconditionals="0" methods="29" coveredmethods="0"/>
      <file name="BlocoService.js" path="C:\Users\Eliedson Holanda\meta\siapen-frontend\src\services\BlocoService.js">
        <metrics statements="4" coveredstatements="2" conditionals="0" coveredconditionals="0" methods="2" coveredmethods="0"/>
        <line num="3" count="1" type="stmt"/>
        <line num="4" count="0" type="stmt"/>
        <line num="7" count="1" type="stmt"/>
        <line num="8" count="0" type="stmt"/>
      </file>
      <file name="CelaService.js" path="C:\Users\Eliedson Holanda\meta\siapen-frontend\src\services\CelaService.js">
        <metrics statements="4" coveredstatements="2" conditionals="0" coveredconditionals="0" methods="2" coveredmethods="0"/>
        <line num="3" count="1" type="stmt"/>
        <line num="4" count="0" type="stmt"/>
        <line num="7" count="1" type="stmt"/>
        <line num="8" count="0" type="stmt"/>
      </file>
      <file name="SetorService.js" path="C:\Users\Eliedson Holanda\meta\siapen-frontend\src\services\SetorService.js">
        <metrics statements="24" coveredstatements="9" conditionals="6" coveredconditionals="0" methods="9" coveredmethods="0"/>
        <line num="3" count="1" type="stmt"/>
        <line num="4" count="0" type="stmt"/>
        <line num="7" count="1" type="stmt"/>
        <line num="8" count="0" type="stmt"/>
        <line num="11" count="1" type="stmt"/>
        <line num="12" count="0" type="stmt"/>
        <line num="15" count="1" type="stmt"/>
        <line num="16" count="0" type="stmt"/>
        <line num="19" count="1" type="stmt"/>
        <line num="20" count="0" type="cond" truecount="0" falsecount="2"/>
        <line num="21" count="0" type="stmt"/>
        <line num="24" count="0" type="cond" truecount="0" falsecount="2"/>
        <line num="25" count="0" type="stmt"/>
        <line num="28" count="0" type="cond" truecount="0" falsecount="2"/>
        <line num="29" count="0" type="stmt"/>
        <line num="32" count="0" type="stmt"/>
        <line num="37" count="1" type="stmt"/>
        <line num="38" count="0" type="stmt"/>
        <line num="41" count="1" type="stmt"/>
        <line num="42" count="0" type="stmt"/>
        <line num="45" count="1" type="stmt"/>
        <line num="46" count="0" type="stmt"/>
        <line num="49" count="1" type="stmt"/>
        <line num="50" count="0" type="stmt"/>
      </file>
      <file name="auth.service.js" path="C:\Users\Eliedson Holanda\meta\siapen-frontend\src\services\auth.service.js">
        <metrics statements="34" coveredstatements="9" conditionals="2" coveredconditionals="0" methods="11" coveredmethods="0"/>
        <line num="6" count="31" type="stmt"/>
        <line num="10" count="31" type="stmt"/>
        <line num="11" count="0" type="stmt"/>
        <line num="14" count="31" type="stmt"/>
        <line num="15" count="0" type="stmt"/>
        <line num="16" count="0" type="stmt"/>
        <line num="17" count="0" type="stmt"/>
        <line num="18" count="0" type="stmt"/>
        <line num="19" count="0" type="stmt"/>
        <line num="22" count="31" type="stmt"/>
        <line num="23" count="0" type="cond" truecount="0" falsecount="2"/>
        <line num="24" count="0" type="stmt"/>
        <line num="27" count="0" type="stmt"/>
        <line num="28" count="0" type="stmt"/>
        <line num="29" count="0" type="stmt"/>
        <line num="32" count="31" type="stmt"/>
        <line num="33" count="0" type="stmt"/>
        <line num="36" count="0" type="stmt"/>
        <line num="37" count="0" type="stmt"/>
        <line num="38" count="0" type="stmt"/>
        <line num="41" count="0" type="stmt"/>
        <line num="45" count="31" type="stmt"/>
        <line num="46" count="0" type="stmt"/>
        <line num="47" count="0" type="stmt"/>
        <line num="48" count="0" type="stmt"/>
        <line num="51" count="31" type="stmt"/>
        <line num="52" count="0" type="stmt"/>
        <line num="55" count="31" type="stmt"/>
        <line num="56" count="0" type="stmt"/>
        <line num="57" count="0" type="stmt"/>
        <line num="60" count="0" type="stmt"/>
        <line num="61" count="0" type="stmt"/>
        <line num="65" count="31" type="stmt"/>
        <line num="66" count="0" type="stmt"/>
      </file>
      <file name="generic.service.js" path="C:\Users\Eliedson Holanda\meta\siapen-frontend\src\services\generic.service.js">
        <metrics statements="5" coveredstatements="0" conditionals="0" coveredconditionals="0" methods="5" coveredmethods="0"/>
        <line num="8" count="0" type="stmt"/>
        <line num="14" count="0" type="stmt"/>
        <line num="20" count="0" type="stmt"/>
        <line num="26" count="0" type="stmt"/>
        <line num="32" count="0" type="stmt"/>
      </file>
    </package>
    <package name="shared">
      <metrics statements="4" coveredstatements="2" conditionals="0" coveredconditionals="0" methods="1" coveredmethods="0"/>
      <file name="endpoints.js" path="C:\Users\Eliedson Holanda\meta\siapen-frontend\src\shared\endpoints.js">
        <metrics statements="1" coveredstatements="1" conditionals="0" coveredconditionals="0" methods="0" coveredmethods="0"/>
        <line num="1" count="31" type="stmt"/>
      </file>
      <file name="mensagens.js" path="C:\Users\Eliedson Holanda\meta\siapen-frontend\src\shared\mensagens.js">
        <metrics statements="3" coveredstatements="1" conditionals="0" coveredconditionals="0" methods="1" coveredmethods="0"/>
        <line num="1" count="31" type="stmt"/>
        <line num="2" count="0" type="stmt"/>
        <line num="44" count="0" type="stmt"/>
      </file>
    </package>
    <package name="store">
      <metrics statements="1" coveredstatements="1" conditionals="0" coveredconditionals="0" methods="0" coveredmethods="0"/>
      <file name="index.js" path="C:\Users\Eliedson Holanda\meta\siapen-frontend\src\store\index.js">
        <metrics statements="1" coveredstatements="1" conditionals="0" coveredconditionals="0" methods="0" coveredmethods="0"/>
        <line num="6" count="31" type="stmt"/>
      </file>
    </package>
    <package name="store.modules.loading">
      <metrics statements="2" coveredstatements="0" conditionals="0" coveredconditionals="0" methods="2" coveredmethods="0"/>
      <file name="index.js" path="C:\Users\Eliedson Holanda\meta\siapen-frontend\src\store\modules\loading\index.js">
        <metrics statements="2" coveredstatements="0" conditionals="0" coveredconditionals="0" methods="2" coveredmethods="0"/>
        <line num="8" count="0" type="stmt"/>
        <line num="13" count="0" type="stmt"/>
      </file>
    </package>
    <package name="store.modules.snackbar">
      <metrics statements="7" coveredstatements="0" conditionals="6" coveredconditionals="0" methods="3" coveredmethods="0"/>
      <file name="index.js" path="C:\Users\Eliedson Holanda\meta\siapen-frontend\src\store\modules\snackbar\index.js">
        <metrics statements="7" coveredstatements="0" conditionals="6" coveredconditionals="0" methods="3" coveredmethods="0"/>
        <line num="8" count="0" type="stmt"/>
        <line num="9" count="0" type="cond" truecount="0" falsecount="2"/>
        <line num="11" count="0" type="cond" truecount="0" falsecount="2"/>
        <line num="12" count="0" type="stmt"/>
        <line num="18" count="0" type="stmt"/>
        <line num="19" count="0" type="cond" truecount="0" falsecount="2"/>
        <line num="20" count="0" type="stmt"/>
      </file>
    </package>
    <package name="views.advogado">
      <metrics statements="1" coveredstatements="1" conditionals="0" coveredconditionals="0" methods="0" coveredmethods="0"/>
      <file name="list.vue" path="C:\Users\Eliedson Holanda\meta\siapen-frontend\src\views\advogado\list.vue">
        <metrics statements="1" coveredstatements="1" conditionals="0" coveredconditionals="0" methods="0" coveredmethods="0"/>
        <line num="31" count="1" type="stmt"/>
      </file>
    </package>
    <package name="views.inteligencia.faccao">
      <metrics statements="1" coveredstatements="1" conditionals="0" coveredconditionals="0" methods="0" coveredmethods="0"/>
      <file name="list.vue" path="C:\Users\Eliedson Holanda\meta\siapen-frontend\src\views\inteligencia\faccao\list.vue">
        <metrics statements="1" coveredstatements="1" conditionals="0" coveredconditionals="0" methods="0" coveredmethods="0"/>
        <line num="29" count="1" type="stmt"/>
      </file>
    </package>
    <package name="views.inteligencia.faccao-cargo">
      <metrics statements="1" coveredstatements="1" conditionals="0" coveredconditionals="0" methods="0" coveredmethods="0"/>
      <file name="list.vue" path="C:\Users\Eliedson Holanda\meta\siapen-frontend\src\views\inteligencia\faccao-cargo\list.vue">
        <metrics statements="1" coveredstatements="1" conditionals="0" coveredconditionals="0" methods="0" coveredmethods="0"/>
        <line num="28" count="1" type="stmt"/>
      </file>
    </package>
    <package name="views.inteligencia.faccao-grupo">
      <metrics statements="1" coveredstatements="1" conditionals="0" coveredconditionals="0" methods="0" coveredmethods="0"/>
      <file name="list.vue" path="C:\Users\Eliedson Holanda\meta\siapen-frontend\src\views\inteligencia\faccao-grupo\list.vue">
        <metrics statements="1" coveredstatements="1" conditionals="0" coveredconditionals="0" methods="0" coveredmethods="0"/>
        <line num="28" count="1" type="stmt"/>
      </file>
    </package>
    <package name="views.parametrizacao.cargo">
      <metrics statements="1" coveredstatements="1" conditionals="0" coveredconditionals="0" methods="0" coveredmethods="0"/>
      <file name="list.vue" path="C:\Users\Eliedson Holanda\meta\siapen-frontend\src\views\parametrizacao\cargo\list.vue">
        <metrics statements="1" coveredstatements="1" conditionals="0" coveredconditionals="0" methods="0" coveredmethods="0"/>
        <line num="26" count="1" type="stmt"/>
      </file>
    </package>
    <package name="views.parametrizacao.comportamento-interno">
      <metrics statements="1" coveredstatements="1" conditionals="0" coveredconditionals="0" methods="0" coveredmethods="0"/>
      <file name="list.vue" path="C:\Users\Eliedson Holanda\meta\siapen-frontend\src\views\parametrizacao\comportamento-interno\list.vue">
        <metrics statements="1" coveredstatements="1" conditionals="0" coveredconditionals="0" methods="0" coveredmethods="0"/>
        <line num="26" count="1" type="stmt"/>
      </file>
    </package>
    <package name="views.parametrizacao.estado-civil">
      <metrics statements="1" coveredstatements="1" conditionals="0" coveredconditionals="0" methods="0" coveredmethods="0"/>
      <file name="list.vue" path="C:\Users\Eliedson Holanda\meta\siapen-frontend\src\views\parametrizacao\estado-civil\list.vue">
        <metrics statements="1" coveredstatements="1" conditionals="0" coveredconditionals="0" methods="0" coveredmethods="0"/>
        <line num="26" count="1" type="stmt"/>
      </file>
    </package>
    <package name="views.parametrizacao.funcao">
      <metrics statements="1" coveredstatements="1" conditionals="0" coveredconditionals="0" methods="0" coveredmethods="0"/>
      <file name="list.vue" path="C:\Users\Eliedson Holanda\meta\siapen-frontend\src\views\parametrizacao\funcao\list.vue">
        <metrics statements="1" coveredstatements="1" conditionals="0" coveredconditionals="0" methods="0" coveredmethods="0"/>
        <line num="26" count="1" type="stmt"/>
      </file>
    </package>
    <package name="views.parametrizacao.genero">
      <metrics statements="1" coveredstatements="1" conditionals="0" coveredconditionals="0" methods="0" coveredmethods="0"/>
      <file name="list.vue" path="C:\Users\Eliedson Holanda\meta\siapen-frontend\src\views\parametrizacao\genero\list.vue">
        <metrics statements="1" coveredstatements="1" conditionals="0" coveredconditionals="0" methods="0" coveredmethods="0"/>
        <line num="26" count="1" type="stmt"/>
      </file>
    </package>
    <package name="views.parametrizacao.grau-instrucao">
      <metrics statements="1" coveredstatements="1" conditionals="0" coveredconditionals="0" methods="0" coveredmethods="0"/>
      <file name="list.vue" path="C:\Users\Eliedson Holanda\meta\siapen-frontend\src\views\parametrizacao\grau-instrucao\list.vue">
        <metrics statements="1" coveredstatements="1" conditionals="0" coveredconditionals="0" methods="0" coveredmethods="0"/>
        <line num="26" count="1" type="stmt"/>
      </file>
    </package>
    <package name="views.parametrizacao.grau-periculosidade">
      <metrics statements="1" coveredstatements="1" conditionals="0" coveredconditionals="0" methods="0" coveredmethods="0"/>
      <file name="list.vue" path="C:\Users\Eliedson Holanda\meta\siapen-frontend\src\views\parametrizacao\grau-periculosidade\list.vue">
        <metrics statements="1" coveredstatements="1" conditionals="0" coveredconditionals="0" methods="0" coveredmethods="0"/>
        <line num="28" count="1" type="stmt"/>
      </file>
    </package>
    <package name="views.parametrizacao.necessidade-especial">
      <metrics statements="1" coveredstatements="1" conditionals="0" coveredconditionals="0" methods="0" coveredmethods="0"/>
      <file name="list.vue" path="C:\Users\Eliedson Holanda\meta\siapen-frontend\src\views\parametrizacao\necessidade-especial\list.vue">
        <metrics statements="1" coveredstatements="1" conditionals="0" coveredconditionals="0" methods="0" coveredmethods="0"/>
        <line num="26" count="1" type="stmt"/>
      </file>
    </package>
    <package name="views.parametrizacao.norma-juridica">
      <metrics statements="1" coveredstatements="1" conditionals="0" coveredconditionals="0" methods="0" coveredmethods="0"/>
      <file name="list.vue" path="C:\Users\Eliedson Holanda\meta\siapen-frontend\src\views\parametrizacao\norma-juridica\list.vue">
        <metrics statements="1" coveredstatements="1" conditionals="0" coveredconditionals="0" methods="0" coveredmethods="0"/>
        <line num="29" count="1" type="stmt"/>
      </file>
    </package>
    <package name="views.parametrizacao.orgao-expedidor">
      <metrics statements="1" coveredstatements="1" conditionals="0" coveredconditionals="0" methods="0" coveredmethods="0"/>
      <file name="list.vue" path="C:\Users\Eliedson Holanda\meta\siapen-frontend\src\views\parametrizacao\orgao-expedidor\list.vue">
        <metrics statements="1" coveredstatements="1" conditionals="0" coveredconditionals="0" methods="0" coveredmethods="0"/>
        <line num="28" count="1" type="stmt"/>
      </file>
    </package>
    <package name="views.parametrizacao.orientacao-sexual">
      <metrics statements="1" coveredstatements="1" conditionals="0" coveredconditionals="0" methods="0" coveredmethods="0"/>
      <file name="list.vue" path="C:\Users\Eliedson Holanda\meta\siapen-frontend\src\views\parametrizacao\orientacao-sexual\list.vue">
        <metrics statements="1" coveredstatements="1" conditionals="0" coveredconditionals="0" methods="0" coveredmethods="0"/>
        <line num="26" count="1" type="stmt"/>
      </file>
    </package>
    <package name="views.parametrizacao.profissao">
      <metrics statements="1" coveredstatements="1" conditionals="0" coveredconditionals="0" methods="0" coveredmethods="0"/>
      <file name="list.vue" path="C:\Users\Eliedson Holanda\meta\siapen-frontend\src\views\parametrizacao\profissao\list.vue">
        <metrics statements="1" coveredstatements="1" conditionals="0" coveredconditionals="0" methods="0" coveredmethods="0"/>
        <line num="26" count="1" type="stmt"/>
      </file>
    </package>
    <package name="views.parametrizacao.raca">
      <metrics statements="1" coveredstatements="1" conditionals="0" coveredconditionals="0" methods="0" coveredmethods="0"/>
      <file name="list.vue" path="C:\Users\Eliedson Holanda\meta\siapen-frontend\src\views\parametrizacao\raca\list.vue">
        <metrics statements="1" coveredstatements="1" conditionals="0" coveredconditionals="0" methods="0" coveredmethods="0"/>
        <line num="26" count="1" type="stmt"/>
      </file>
    </package>
    <package name="views.parametrizacao.regime-prisional">
      <metrics statements="1" coveredstatements="1" conditionals="0" coveredconditionals="0" methods="0" coveredmethods="0"/>
      <file name="list.vue" path="C:\Users\Eliedson Holanda\meta\siapen-frontend\src\views\parametrizacao\regime-prisional\list.vue">
        <metrics statements="1" coveredstatements="1" conditionals="0" coveredconditionals="0" methods="0" coveredmethods="0"/>
        <line num="26" count="1" type="stmt"/>
      </file>
    </package>
    <package name="views.parametrizacao.religiao">
      <metrics statements="1" coveredstatements="1" conditionals="0" coveredconditionals="0" methods="0" coveredmethods="0"/>
      <file name="list.vue" path="C:\Users\Eliedson Holanda\meta\siapen-frontend\src\views\parametrizacao\religiao\list.vue">
        <metrics statements="1" coveredstatements="1" conditionals="0" coveredconditionals="0" methods="0" coveredmethods="0"/>
        <line num="26" count="1" type="stmt"/>
      </file>
    </package>
    <package name="views.parametrizacao.setor">
      <metrics statements="5" coveredstatements="3" conditionals="0" coveredconditionals="0" methods="2" coveredmethods="0"/>
      <file name="list.vue" path="C:\Users\Eliedson Holanda\meta\siapen-frontend\src\views\parametrizacao\setor\list.vue">
        <metrics statements="5" coveredstatements="3" conditionals="0" coveredconditionals="0" methods="2" coveredmethods="0"/>
        <line num="30" count="1" type="stmt"/>
        <line num="31" count="1" type="stmt"/>
        <line num="32" count="1" type="stmt"/>
        <line num="38" count="0" type="stmt"/>
        <line num="39" count="0" type="stmt"/>
      </file>
    </package>
    <package name="views.parametrizacao.telefone">
      <metrics statements="1" coveredstatements="1" conditionals="0" coveredconditionals="0" methods="0" coveredmethods="0"/>
      <file name="list.vue" path="C:\Users\Eliedson Holanda\meta\siapen-frontend\src\views\parametrizacao\telefone\list.vue">
        <metrics statements="1" coveredstatements="1" conditionals="0" coveredconditionals="0" methods="0" coveredmethods="0"/>
        <line num="29" count="1" type="stmt"/>
      </file>
    </package>
    <package name="views.parametrizacao.tipo-documento">
      <metrics statements="1" coveredstatements="1" conditionals="0" coveredconditionals="0" methods="0" coveredmethods="0"/>
      <file name="list.vue" path="C:\Users\Eliedson Holanda\meta\siapen-frontend\src\views\parametrizacao\tipo-documento\list.vue">
        <metrics statements="1" coveredstatements="1" conditionals="0" coveredconditionals="0" methods="0" coveredmethods="0"/>
        <line num="26" count="1" type="stmt"/>
      </file>
    </package>
    <package name="views.parametrizacao.titulo">
      <metrics statements="1" coveredstatements="1" conditionals="0" coveredconditionals="0" methods="0" coveredmethods="0"/>
      <file name="list.vue" path="C:\Users\Eliedson Holanda\meta\siapen-frontend\src\views\parametrizacao\titulo\list.vue">
        <metrics statements="1" coveredstatements="1" conditionals="0" coveredconditionals="0" methods="0" coveredmethods="0"/>
        <line num="28" count="1" type="stmt"/>
      </file>
    </package>
    <package name="views.parametrizacao.vinculo">
      <metrics statements="1" coveredstatements="1" conditionals="0" coveredconditionals="0" methods="0" coveredmethods="0"/>
      <file name="list.vue" path="C:\Users\Eliedson Holanda\meta\siapen-frontend\src\views\parametrizacao\vinculo\list.vue">
        <metrics statements="1" coveredstatements="1" conditionals="0" coveredconditionals="0" methods="0" coveredmethods="0"/>
        <line num="26" count="1" type="stmt"/>
      </file>
    </package>
    <package name="views.prisional.bloco">
      <metrics statements="5" coveredstatements="3" conditionals="0" coveredconditionals="0" methods="2" coveredmethods="0"/>
      <file name="list.vue" path="C:\Users\Eliedson Holanda\meta\siapen-frontend\src\views\prisional\bloco\list.vue">
        <metrics statements="5" coveredstatements="3" conditionals="0" coveredconditionals="0" methods="2" coveredmethods="0"/>
        <line num="31" count="1" type="stmt"/>
        <line num="32" count="1" type="stmt"/>
        <line num="33" count="1" type="stmt"/>
        <line num="39" count="0" type="stmt"/>
        <line num="40" count="0" type="stmt"/>
      </file>
    </package>
    <package name="views.prisional.cela">
      <metrics statements="5" coveredstatements="3" conditionals="0" coveredconditionals="0" methods="2" coveredmethods="0"/>
      <file name="list.vue" path="C:\Users\Eliedson Holanda\meta\siapen-frontend\src\views\prisional\cela\list.vue">
        <metrics statements="5" coveredstatements="3" conditionals="0" coveredconditionals="0" methods="2" coveredmethods="0"/>
        <line num="33" count="1" type="stmt"/>
        <line num="34" count="1" type="stmt"/>
        <line num="35" count="1" type="stmt"/>
        <line num="41" count="0" type="stmt"/>
        <line num="42" count="0" type="stmt"/>
      </file>
    </package>
    <package name="views.prisional.defeito">
      <metrics statements="1" coveredstatements="1" conditionals="0" coveredconditionals="0" methods="0" coveredmethods="0"/>
      <file name="list.vue" path="C:\Users\Eliedson Holanda\meta\siapen-frontend\src\views\prisional\defeito\list.vue">
        <metrics statements="1" coveredstatements="1" conditionals="0" coveredconditionals="0" methods="0" coveredmethods="0"/>
        <line num="26" count="1" type="stmt"/>
      </file>
    </package>
    <package name="views.prisional.sistema-penal">
      <metrics statements="1" coveredstatements="1" conditionals="0" coveredconditionals="0" methods="0" coveredmethods="0"/>
      <file name="list.vue" path="C:\Users\Eliedson Holanda\meta\siapen-frontend\src\views\prisional\sistema-penal\list.vue">
        <metrics statements="1" coveredstatements="1" conditionals="0" coveredconditionals="0" methods="0" coveredmethods="0"/>
        <line num="28" count="1" type="stmt"/>
      </file>
    </package>
    <package name="views.prisional.unidade">
      <metrics statements="1" coveredstatements="1" conditionals="0" coveredconditionals="0" methods="0" coveredmethods="0"/>
      <file name="list.vue" path="C:\Users\Eliedson Holanda\meta\siapen-frontend\src\views\prisional\unidade\list.vue">
        <metrics statements="1" coveredstatements="1" conditionals="0" coveredconditionals="0" methods="0" coveredmethods="0"/>
        <line num="29" count="1" type="stmt"/>
      </file>
    </package>
    <package name="views.servidor">
      <metrics statements="1" coveredstatements="1" conditionals="0" coveredconditionals="0" methods="0" coveredmethods="0"/>
      <file name="list.vue" path="C:\Users\Eliedson Holanda\meta\siapen-frontend\src\views\servidor\list.vue">
        <metrics statements="1" coveredstatements="1" conditionals="0" coveredconditionals="0" methods="0" coveredmethods="0"/>
        <line num="31" count="1" type="stmt"/>
      </file>
    </package>
    <package name="views.visitante">
      <metrics statements="1" coveredstatements="1" conditionals="0" coveredconditionals="0" methods="0" coveredmethods="0"/>
      <file name="list.vue" path="C:\Users\Eliedson Holanda\meta\siapen-frontend\src\views\visitante\list.vue">
        <metrics statements="1" coveredstatements="1" conditionals="0" coveredconditionals="0" methods="0" coveredmethods="0"/>
        <line num="33" count="1" type="stmt"/>
      </file>
    </package>
  </project>
</coverage>
