{"C:\\Users\\Eliedson Holanda\\meta\\siapen-frontend\\src\\components\\ConfirmDialog.vue": {"path":"C:\\Users\\Eliedson Holanda\\meta\\siapen-frontend\\src\\components\\ConfirmDialog.vue","statementMap":{"0":{"start":{"line":42,"column":0},"end":{"line":42,"column":null}},"1":{"start":{"line":59,"column":0},"end":{"line":59,"column":null}},"2":{"start":{"line":60,"column":0},"end":{"line":60,"column":null}},"3":{"start":{"line":61,"column":0},"end":{"line":61,"column":null}},"4":{"start":{"line":62,"column":0},"end":{"line":62,"column":null}},"5":{"start":{"line":63,"column":0},"end":{"line":66,"column":null}},"6":{"start":{"line":64,"column":0},"end":{"line":64,"column":null}},"7":{"start":{"line":65,"column":0},"end":{"line":65,"column":null}},"8":{"start":{"line":69,"column":0},"end":{"line":69,"column":null}},"9":{"start":{"line":70,"column":0},"end":{"line":70,"column":null}},"10":{"start":{"line":73,"column":0},"end":{"line":73,"column":null}},"11":{"start":{"line":74,"column":0},"end":{"line":74,"column":null}}},"fnMap":{"0":{"name":"(anonymous_1)","decl":{"start":{"line":41,"column":0},"end":{"line":41,"column":null}},"loc":{"start":{"line":41,"column":0},"end":{"line":55,"column":null}}},"1":{"name":"(anonymous_2)","decl":{"start":{"line":58,"column":0},"end":{"line":58,"column":null}},"loc":{"start":{"line":58,"column":0},"end":{"line":67,"column":null}}},"2":{"name":"(anonymous_3)","decl":{"start":{"line":63,"column":0},"end":{"line":63,"column":null}},"loc":{"start":{"line":63,"column":0},"end":{"line":66,"column":null}}},"3":{"name":"(anonymous_4)","decl":{"start":{"line":68,"column":0},"end":{"line":68,"column":null}},"loc":{"start":{"line":68,"column":0},"end":{"line":71,"column":null}}},"4":{"name":"(anonymous_5)","decl":{"start":{"line":72,"column":0},"end":{"line":72,"column":null}},"loc":{"start":{"line":72,"column":0},"end":{"line":75,"column":null}}}},"branchMap":{},"s":{"0":0,"1":0,"2":0,"3":0,"4":0,"5":0,"6":0,"7":0,"8":0,"9":0,"10":0,"11":0},"f":{"0":0,"1":0,"2":0,"3":0,"4":0},"b":{}}
,"C:\\Users\\Eliedson Holanda\\meta\\siapen-frontend\\src\\components\\PromptDialog.vue": {"path":"C:\\Users\\Eliedson Holanda\\meta\\siapen-frontend\\src\\components\\PromptDialog.vue","statementMap":{"0":{"start":{"line":49,"column":0},"end":{"line":49,"column":null}},"1":{"start":{"line":67,"column":0},"end":{"line":67,"column":null}},"2":{"start":{"line":68,"column":0},"end":{"line":68,"column":null}},"3":{"start":{"line":69,"column":0},"end":{"line":69,"column":null}},"4":{"start":{"line":70,"column":0},"end":{"line":70,"column":null}},"5":{"start":{"line":71,"column":0},"end":{"line":74,"column":null}},"6":{"start":{"line":72,"column":0},"end":{"line":72,"column":null}},"7":{"start":{"line":73,"column":0},"end":{"line":73,"column":null}},"8":{"start":{"line":77,"column":0},"end":{"line":77,"column":null}},"9":{"start":{"line":78,"column":0},"end":{"line":78,"column":null}},"10":{"start":{"line":79,"column":0},"end":{"line":79,"column":null}},"11":{"start":{"line":82,"column":0},"end":{"line":82,"column":null}},"12":{"start":{"line":83,"column":0},"end":{"line":83,"column":null}},"13":{"start":{"line":84,"column":0},"end":{"line":84,"column":null}}},"fnMap":{"0":{"name":"(anonymous_1)","decl":{"start":{"line":48,"column":0},"end":{"line":48,"column":null}},"loc":{"start":{"line":48,"column":0},"end":{"line":63,"column":null}}},"1":{"name":"(anonymous_2)","decl":{"start":{"line":66,"column":0},"end":{"line":66,"column":null}},"loc":{"start":{"line":66,"column":0},"end":{"line":75,"column":null}}},"2":{"name":"(anonymous_3)","decl":{"start":{"line":71,"column":0},"end":{"line":71,"column":null}},"loc":{"start":{"line":71,"column":0},"end":{"line":74,"column":null}}},"3":{"name":"(anonymous_4)","decl":{"start":{"line":76,"column":0},"end":{"line":76,"column":null}},"loc":{"start":{"line":76,"column":0},"end":{"line":80,"column":null}}},"4":{"name":"(anonymous_5)","decl":{"start":{"line":81,"column":0},"end":{"line":81,"column":null}},"loc":{"start":{"line":81,"column":0},"end":{"line":85,"column":null}}}},"branchMap":{},"s":{"0":0,"1":0,"2":0,"3":0,"4":0,"5":0,"6":0,"7":0,"8":0,"9":0,"10":0,"11":0,"12":0,"13":0},"f":{"0":0,"1":0,"2":0,"3":0,"4":0},"b":{}}
,"C:\\Users\\Eliedson Holanda\\meta\\siapen-frontend\\src\\components\\SimpleDialog.vue": {"path":"C:\\Users\\Eliedson Holanda\\meta\\siapen-frontend\\src\\components\\SimpleDialog.vue","statementMap":{"0":{"start":{"line":21,"column":0},"end":{"line":21,"column":null}},"1":{"start":{"line":37,"column":0},"end":{"line":37,"column":null}},"2":{"start":{"line":38,"column":0},"end":{"line":38,"column":null}},"3":{"start":{"line":39,"column":0},"end":{"line":39,"column":null}},"4":{"start":{"line":40,"column":0},"end":{"line":43,"column":null}},"5":{"start":{"line":41,"column":0},"end":{"line":41,"column":null}},"6":{"start":{"line":42,"column":0},"end":{"line":42,"column":null}},"7":{"start":{"line":46,"column":0},"end":{"line":46,"column":null}},"8":{"start":{"line":47,"column":0},"end":{"line":47,"column":null}},"9":{"start":{"line":50,"column":0},"end":{"line":50,"column":null}},"10":{"start":{"line":51,"column":0},"end":{"line":51,"column":null}}},"fnMap":{"0":{"name":"(anonymous_1)","decl":{"start":{"line":20,"column":0},"end":{"line":20,"column":null}},"loc":{"start":{"line":20,"column":0},"end":{"line":33,"column":null}}},"1":{"name":"(anonymous_2)","decl":{"start":{"line":36,"column":0},"end":{"line":36,"column":null}},"loc":{"start":{"line":36,"column":0},"end":{"line":44,"column":null}}},"2":{"name":"(anonymous_3)","decl":{"start":{"line":40,"column":0},"end":{"line":40,"column":null}},"loc":{"start":{"line":40,"column":0},"end":{"line":43,"column":null}}},"3":{"name":"(anonymous_4)","decl":{"start":{"line":45,"column":0},"end":{"line":45,"column":null}},"loc":{"start":{"line":45,"column":0},"end":{"line":48,"column":null}}},"4":{"name":"(anonymous_5)","decl":{"start":{"line":49,"column":0},"end":{"line":49,"column":null}},"loc":{"start":{"line":49,"column":0},"end":{"line":52,"column":null}}}},"branchMap":{},"s":{"0":0,"1":0,"2":0,"3":0,"4":0,"5":0,"6":0,"7":0,"8":0,"9":0,"10":0},"f":{"0":0,"1":0,"2":0,"3":0,"4":0},"b":{}}
,"C:\\Users\\Eliedson Holanda\\meta\\siapen-frontend\\src\\components\\TreeDialog.vue": {"path":"C:\\Users\\Eliedson Holanda\\meta\\siapen-frontend\\src\\components\\TreeDialog.vue","statementMap":{"0":{"start":{"line":26,"column":0},"end":{"line":26,"column":null}},"1":{"start":{"line":43,"column":0},"end":{"line":43,"column":null}},"2":{"start":{"line":46,"column":0},"end":{"line":46,"column":null}},"3":{"start":{"line":51,"column":0},"end":{"line":51,"column":null}},"4":{"start":{"line":52,"column":0},"end":{"line":52,"column":null}},"5":{"start":{"line":53,"column":0},"end":{"line":53,"column":null}},"6":{"start":{"line":54,"column":0},"end":{"line":57,"column":null}},"7":{"start":{"line":55,"column":0},"end":{"line":55,"column":null}},"8":{"start":{"line":56,"column":0},"end":{"line":56,"column":null}},"9":{"start":{"line":60,"column":0},"end":{"line":60,"column":null}},"10":{"start":{"line":61,"column":0},"end":{"line":61,"column":null}},"11":{"start":{"line":64,"column":0},"end":{"line":64,"column":null}},"12":{"start":{"line":65,"column":0},"end":{"line":65,"column":null}}},"fnMap":{"0":{"name":"(anonymous_1)","decl":{"start":{"line":25,"column":0},"end":{"line":25,"column":null}},"loc":{"start":{"line":25,"column":0},"end":{"line":40,"column":null}}},"1":{"name":"(anonymous_2)","decl":{"start":{"line":42,"column":0},"end":{"line":42,"column":null}},"loc":{"start":{"line":42,"column":0},"end":{"line":44,"column":null}}},"2":{"name":"(anonymous_3)","decl":{"start":{"line":45,"column":0},"end":{"line":45,"column":null}},"loc":{"start":{"line":45,"column":0},"end":{"line":47,"column":null}}},"3":{"name":"(anonymous_4)","decl":{"start":{"line":50,"column":0},"end":{"line":50,"column":null}},"loc":{"start":{"line":50,"column":0},"end":{"line":58,"column":null}}},"4":{"name":"(anonymous_5)","decl":{"start":{"line":54,"column":0},"end":{"line":54,"column":null}},"loc":{"start":{"line":54,"column":0},"end":{"line":57,"column":null}}},"5":{"name":"(anonymous_6)","decl":{"start":{"line":59,"column":0},"end":{"line":59,"column":null}},"loc":{"start":{"line":59,"column":0},"end":{"line":62,"column":null}}},"6":{"name":"(anonymous_7)","decl":{"start":{"line":63,"column":0},"end":{"line":63,"column":null}},"loc":{"start":{"line":63,"column":0},"end":{"line":66,"column":null}}}},"branchMap":{"0":{"loc":{"start":{"line":46,"column":0},"end":{"line":46,"column":null}},"type":"binary-expr","locations":[{"start":{"line":46,"column":0},"end":{"line":46,"column":null}},{"start":{"line":46,"column":0},"end":{"line":46,"column":null}}]}},"s":{"0":0,"1":0,"2":0,"3":0,"4":0,"5":0,"6":0,"7":0,"8":0,"9":0,"10":0,"11":0,"12":0},"f":{"0":0,"1":0,"2":0,"3":0,"4":0,"5":0,"6":0},"b":{"0":[0,0]}}
,"C:\\Users\\Eliedson Holanda\\meta\\siapen-frontend\\src\\components\\VTable.vue": {"path":"C:\\Users\\Eliedson Holanda\\meta\\siapen-frontend\\src\\components\\VTable.vue","statementMap":{"0":{"start":{"line":245,"column":0},"end":{"line":245,"column":null}},"1":{"start":{"line":246,"column":0},"end":{"line":246,"column":null}},"2":{"start":{"line":247,"column":0},"end":{"line":247,"column":null}},"3":{"start":{"line":248,"column":0},"end":{"line":248,"column":null}},"4":{"start":{"line":262,"column":0},"end":{"line":262,"column":null}},"5":{"start":{"line":272,"column":0},"end":{"line":272,"column":null}},"6":{"start":{"line":277,"column":0},"end":{"line":277,"column":null}},"7":{"start":{"line":282,"column":0},"end":{"line":282,"column":null}},"8":{"start":{"line":283,"column":0},"end":{"line":283,"column":null}},"9":{"start":{"line":292,"column":0},"end":{"line":292,"column":null}},"10":{"start":{"line":293,"column":0},"end":{"line":293,"column":null}},"11":{"start":{"line":296,"column":0},"end":{"line":296,"column":null}},"12":{"start":{"line":299,"column":0},"end":{"line":299,"column":null}},"13":{"start":{"line":302,"column":0},"end":{"line":302,"column":null}},"14":{"start":{"line":305,"column":0},"end":{"line":305,"column":null}},"15":{"start":{"line":308,"column":0},"end":{"line":308,"column":null}},"16":{"start":{"line":312,"column":0},"end":{"line":333,"column":null}},"17":{"start":{"line":313,"column":0},"end":{"line":313,"column":null}},"18":{"start":{"line":321,"column":0},"end":{"line":332,"column":null}},"19":{"start":{"line":323,"column":0},"end":{"line":323,"column":null}},"20":{"start":{"line":328,"column":0},"end":{"line":328,"column":null}},"21":{"start":{"line":331,"column":0},"end":{"line":331,"column":null}},"22":{"start":{"line":336,"column":0},"end":{"line":359,"column":null}},"23":{"start":{"line":342,"column":0},"end":{"line":342,"column":null}},"24":{"start":{"line":346,"column":0},"end":{"line":358,"column":null}},"25":{"start":{"line":348,"column":0},"end":{"line":348,"column":null}},"26":{"start":{"line":353,"column":0},"end":{"line":353,"column":null}},"27":{"start":{"line":356,"column":0},"end":{"line":356,"column":null}},"28":{"start":{"line":357,"column":0},"end":{"line":357,"column":null}},"29":{"start":{"line":362,"column":0},"end":{"line":362,"column":null}},"30":{"start":{"line":367,"column":0},"end":{"line":379,"column":null}},"31":{"start":{"line":369,"column":0},"end":{"line":369,"column":null}},"32":{"start":{"line":374,"column":0},"end":{"line":374,"column":null}},"33":{"start":{"line":377,"column":0},"end":{"line":377,"column":null}},"34":{"start":{"line":378,"column":0},"end":{"line":378,"column":null}},"35":{"start":{"line":382,"column":0},"end":{"line":382,"column":null}},"36":{"start":{"line":385,"column":0},"end":{"line":385,"column":null}},"37":{"start":{"line":389,"column":0},"end":{"line":400,"column":null}},"38":{"start":{"line":390,"column":0},"end":{"line":390,"column":null}},"39":{"start":{"line":391,"column":0},"end":{"line":391,"column":null}},"40":{"start":{"line":394,"column":0},"end":{"line":394,"column":null}},"41":{"start":{"line":403,"column":0},"end":{"line":403,"column":null}},"42":{"start":{"line":407,"column":0},"end":{"line":413,"column":null}},"43":{"start":{"line":408,"column":0},"end":{"line":408,"column":null}},"44":{"start":{"line":409,"column":0},"end":{"line":409,"column":null}},"45":{"start":{"line":416,"column":0},"end":{"line":416,"column":null}},"46":{"start":{"line":419,"column":0},"end":{"line":419,"column":null}},"47":{"start":{"line":422,"column":0},"end":{"line":422,"column":null}},"48":{"start":{"line":425,"column":0},"end":{"line":425,"column":null}},"49":{"start":{"line":426,"column":0},"end":{"line":426,"column":null}},"50":{"start":{"line":429,"column":0},"end":{"line":429,"column":null}},"51":{"start":{"line":430,"column":0},"end":{"line":430,"column":null}}},"fnMap":{"0":{"name":"(anonymous_1)","decl":{"start":{"line":261,"column":0},"end":{"line":261,"column":null}},"loc":{"start":{"line":261,"column":0},"end":{"line":268,"column":null}}},"1":{"name":"(anonymous_2)","decl":{"start":{"line":271,"column":0},"end":{"line":271,"column":null}},"loc":{"start":{"line":271,"column":0},"end":{"line":273,"column":null}}},"2":{"name":"(anonymous_3)","decl":{"start":{"line":276,"column":0},"end":{"line":276,"column":null}},"loc":{"start":{"line":276,"column":0},"end":{"line":278,"column":null}}},"3":{"name":"(anonymous_4)","decl":{"start":{"line":281,"column":0},"end":{"line":281,"column":null}},"loc":{"start":{"line":281,"column":0},"end":{"line":294,"column":null}}},"4":{"name":"(anonymous_5)","decl":{"start":{"line":295,"column":0},"end":{"line":295,"column":null}},"loc":{"start":{"line":295,"column":0},"end":{"line":297,"column":null}}},"5":{"name":"(anonymous_6)","decl":{"start":{"line":298,"column":0},"end":{"line":298,"column":null}},"loc":{"start":{"line":298,"column":0},"end":{"line":300,"column":null}}},"6":{"name":"(anonymous_7)","decl":{"start":{"line":301,"column":0},"end":{"line":301,"column":null}},"loc":{"start":{"line":301,"column":0},"end":{"line":303,"column":null}}},"7":{"name":"(anonymous_8)","decl":{"start":{"line":304,"column":0},"end":{"line":304,"column":null}},"loc":{"start":{"line":304,"column":0},"end":{"line":306,"column":null}}},"8":{"name":"(anonymous_9)","decl":{"start":{"line":307,"column":0},"end":{"line":307,"column":null}},"loc":{"start":{"line":307,"column":0},"end":{"line":334,"column":null}}},"9":{"name":"(anonymous_10)","decl":{"start":{"line":321,"column":0},"end":{"line":321,"column":null}},"loc":{"start":{"line":321,"column":0},"end":{"line":329,"column":null}}},"10":{"name":"(anonymous_11)","decl":{"start":{"line":329,"column":0},"end":{"line":329,"column":null}},"loc":{"start":{"line":329,"column":0},"end":{"line":332,"column":null}}},"11":{"name":"(anonymous_12)","decl":{"start":{"line":335,"column":0},"end":{"line":335,"column":null}},"loc":{"start":{"line":335,"column":0},"end":{"line":360,"column":null}}},"12":{"name":"(anonymous_13)","decl":{"start":{"line":346,"column":0},"end":{"line":346,"column":null}},"loc":{"start":{"line":346,"column":0},"end":{"line":354,"column":null}}},"13":{"name":"(anonymous_14)","decl":{"start":{"line":354,"column":0},"end":{"line":354,"column":null}},"loc":{"start":{"line":354,"column":0},"end":{"line":358,"column":null}}},"14":{"name":"(anonymous_15)","decl":{"start":{"line":361,"column":0},"end":{"line":361,"column":null}},"loc":{"start":{"line":361,"column":0},"end":{"line":380,"column":null}}},"15":{"name":"(anonymous_16)","decl":{"start":{"line":367,"column":0},"end":{"line":367,"column":null}},"loc":{"start":{"line":367,"column":0},"end":{"line":375,"column":null}}},"16":{"name":"(anonymous_17)","decl":{"start":{"line":375,"column":0},"end":{"line":375,"column":null}},"loc":{"start":{"line":375,"column":0},"end":{"line":379,"column":null}}},"17":{"name":"(anonymous_18)","decl":{"start":{"line":381,"column":0},"end":{"line":381,"column":null}},"loc":{"start":{"line":381,"column":0},"end":{"line":383,"column":null}}},"18":{"name":"(anonymous_19)","decl":{"start":{"line":384,"column":0},"end":{"line":384,"column":null}},"loc":{"start":{"line":384,"column":0},"end":{"line":401,"column":null}}},"19":{"name":"(anonymous_20)","decl":{"start":{"line":402,"column":0},"end":{"line":402,"column":null}},"loc":{"start":{"line":402,"column":0},"end":{"line":414,"column":null}}},"20":{"name":"(anonymous_21)","decl":{"start":{"line":415,"column":0},"end":{"line":415,"column":null}},"loc":{"start":{"line":415,"column":0},"end":{"line":417,"column":null}}},"21":{"name":"(anonymous_22)","decl":{"start":{"line":418,"column":0},"end":{"line":418,"column":null}},"loc":{"start":{"line":418,"column":0},"end":{"line":420,"column":null}}},"22":{"name":"(anonymous_23)","decl":{"start":{"line":421,"column":0},"end":{"line":421,"column":null}},"loc":{"start":{"line":421,"column":0},"end":{"line":423,"column":null}}},"23":{"name":"(anonymous_24)","decl":{"start":{"line":424,"column":0},"end":{"line":424,"column":null}},"loc":{"start":{"line":424,"column":0},"end":{"line":427,"column":null}}},"24":{"name":"(anonymous_25)","decl":{"start":{"line":428,"column":0},"end":{"line":428,"column":null}},"loc":{"start":{"line":428,"column":0},"end":{"line":434,"column":null}}}},"branchMap":{"0":{"loc":{"start":{"line":277,"column":0},"end":{"line":277,"column":null}},"type":"binary-expr","locations":[{"start":{"line":277,"column":0},"end":{"line":277,"column":null}},{"start":{"line":277,"column":0},"end":{"line":277,"column":null}}]},"1":{"loc":{"start":{"line":288,"column":0},"end":{"line":288,"column":null}},"type":"cond-expr","locations":[{"start":{"line":288,"column":0},"end":{"line":288,"column":null}},{"start":{"line":288,"column":0},"end":{"line":288,"column":null}}]},"2":{"loc":{"start":{"line":305,"column":0},"end":{"line":305,"column":null}},"type":"cond-expr","locations":[{"start":{"line":305,"column":0},"end":{"line":305,"column":null}},{"start":{"line":305,"column":0},"end":{"line":305,"column":null}}]},"3":{"loc":{"start":{"line":312,"column":0},"end":{"line":333,"column":null}},"type":"if","locations":[{"start":{"line":312,"column":0},"end":{"line":333,"column":null}},{"start":{"line":312,"column":0},"end":{"line":333,"column":null}}]},"4":{"loc":{"start":{"line":336,"column":0},"end":{"line":359,"column":null}},"type":"if","locations":[{"start":{"line":336,"column":0},"end":{"line":359,"column":null}},{"start":{"line":336,"column":0},"end":{"line":359,"column":null}}]},"5":{"loc":{"start":{"line":382,"column":0},"end":{"line":382,"column":null}},"type":"cond-expr","locations":[{"start":{"line":382,"column":0},"end":{"line":382,"column":null}},{"start":{"line":382,"column":0},"end":{"line":382,"column":null}}]},"6":{"loc":{"start":{"line":385,"column":0},"end":{"line":385,"column":null}},"type":"cond-expr","locations":[{"start":{"line":385,"column":0},"end":{"line":385,"column":null}},{"start":{"line":385,"column":0},"end":{"line":385,"column":null}}]},"7":{"loc":{"start":{"line":389,"column":0},"end":{"line":400,"column":null}},"type":"if","locations":[{"start":{"line":389,"column":0},"end":{"line":400,"column":null}},{"start":{"line":389,"column":0},"end":{"line":400,"column":null}}]},"8":{"loc":{"start":{"line":391,"column":0},"end":{"line":391,"column":null}},"type":"cond-expr","locations":[{"start":{"line":391,"column":0},"end":{"line":391,"column":null}},{"start":{"line":391,"column":0},"end":{"line":391,"column":null}}]},"9":{"loc":{"start":{"line":403,"column":0},"end":{"line":403,"column":null}},"type":"cond-expr","locations":[{"start":{"line":403,"column":0},"end":{"line":403,"column":null}},{"start":{"line":403,"column":0},"end":{"line":403,"column":null}}]},"10":{"loc":{"start":{"line":407,"column":0},"end":{"line":413,"column":null}},"type":"if","locations":[{"start":{"line":407,"column":0},"end":{"line":413,"column":null}},{"start":{"line":407,"column":0},"end":{"line":413,"column":null}}]}},"s":{"0":31,"1":31,"2":31,"3":31,"4":0,"5":0,"6":0,"7":0,"8":0,"9":0,"10":0,"11":0,"12":0,"13":0,"14":0,"15":0,"16":0,"17":0,"18":0,"19":0,"20":0,"21":0,"22":0,"23":0,"24":0,"25":0,"26":0,"27":0,"28":0,"29":0,"30":0,"31":0,"32":0,"33":0,"34":0,"35":0,"36":0,"37":0,"38":0,"39":0,"40":0,"41":0,"42":0,"43":0,"44":0,"45":0,"46":0,"47":0,"48":0,"49":0,"50":0,"51":0},"f":{"0":0,"1":0,"2":0,"3":0,"4":0,"5":0,"6":0,"7":0,"8":0,"9":0,"10":0,"11":0,"12":0,"13":0,"14":0,"15":0,"16":0,"17":0,"18":0,"19":0,"20":0,"21":0,"22":0,"23":0,"24":0},"b":{"0":[0,0],"1":[0,0],"2":[0,0],"3":[0,0],"4":[0,0],"5":[0,0],"6":[0,0],"7":[0,0],"8":[0,0],"9":[0,0],"10":[0,0]}}
,"C:\\Users\\Eliedson Holanda\\meta\\siapen-frontend\\src\\config\\request.js": {"path":"C:\\Users\\Eliedson Holanda\\meta\\siapen-frontend\\src\\config\\request.js","statementMap":{"0":{"start":{"line":5,"column":16},"end":{"line":11,"column":2}},"1":{"start":{"line":13,"column":0},"end":{"line":24,"column":2}},"2":{"start":{"line":14,"column":2},"end":{"line":14,"column":42}},"3":{"start":{"line":15,"column":16},"end":{"line":15,"column":58}},"4":{"start":{"line":17,"column":2},"end":{"line":19,"column":3}},"5":{"start":{"line":18,"column":4},"end":{"line":18,"column":52}},"6":{"start":{"line":21,"column":2},"end":{"line":21,"column":15}},"7":{"start":{"line":23,"column":2},"end":{"line":23,"column":28}},"8":{"start":{"line":26,"column":0},"end":{"line":36,"column":2}},"9":{"start":{"line":27,"column":2},"end":{"line":27,"column":43}},"10":{"start":{"line":28,"column":2},"end":{"line":28,"column":17}},"11":{"start":{"line":30,"column":2},"end":{"line":30,"column":43}},"12":{"start":{"line":31,"column":2},"end":{"line":33,"column":3}},"13":{"start":{"line":32,"column":4},"end":{"line":32,"column":18}},"14":{"start":{"line":35,"column":2},"end":{"line":35,"column":30}}},"fnMap":{"0":{"name":"(anonymous_0)","decl":{"start":{"line":13,"column":33},"end":{"line":13,"column":34}},"loc":{"start":{"line":13,"column":45},"end":{"line":22,"column":1}},"line":13},"1":{"name":"(anonymous_1)","decl":{"start":{"line":22,"column":3},"end":{"line":22,"column":4}},"loc":{"start":{"line":22,"column":12},"end":{"line":24,"column":1}},"line":22},"2":{"name":"(anonymous_2)","decl":{"start":{"line":26,"column":34},"end":{"line":26,"column":35}},"loc":{"start":{"line":26,"column":48},"end":{"line":29,"column":1}},"line":26},"3":{"name":"(anonymous_3)","decl":{"start":{"line":29,"column":3},"end":{"line":29,"column":4}},"loc":{"start":{"line":29,"column":14},"end":{"line":36,"column":1}},"line":29}},"branchMap":{"0":{"loc":{"start":{"line":17,"column":2},"end":{"line":19,"column":3}},"type":"if","locations":[{"start":{"line":17,"column":2},"end":{"line":19,"column":3}},{"start":{"line":17,"column":2},"end":{"line":19,"column":3}}],"line":17},"1":{"loc":{"start":{"line":17,"column":6},"end":{"line":17,"column":34}},"type":"binary-expr","locations":[{"start":{"line":17,"column":6},"end":{"line":17,"column":11}},{"start":{"line":17,"column":15},"end":{"line":17,"column":34}}],"line":17},"2":{"loc":{"start":{"line":31,"column":2},"end":{"line":33,"column":3}},"type":"if","locations":[{"start":{"line":31,"column":2},"end":{"line":33,"column":3}},{"start":{"line":31,"column":2},"end":{"line":33,"column":3}}],"line":31}},"s":{"0":31,"1":31,"2":0,"3":0,"4":0,"5":0,"6":0,"7":0,"8":31,"9":0,"10":0,"11":0,"12":0,"13":0,"14":0},"f":{"0":0,"1":0,"2":0,"3":0},"b":{"0":[0,0],"1":[0,0],"2":[0,0]},"_coverageSchema":"43e27e138ebf9cfc5966b082cf9a028302ed4184","hash":"b700afec237a5a5be9252f812fee9810056dc652"}
,"C:\\Users\\Eliedson Holanda\\meta\\siapen-frontend\\src\\mixins\\generic.js": {"path":"C:\\Users\\Eliedson Holanda\\meta\\siapen-frontend\\src\\mixins\\generic.js","statementMap":{"0":{"start":{"line":5,"column":16},"end":{"line":93,"column":1}},"1":{"start":{"line":8,"column":6},"end":{"line":8,"column":22}},"2":{"start":{"line":13,"column":6},"end":{"line":47,"column":7}},"3":{"start":{"line":14,"column":30},"end":{"line":14,"column":49}},"4":{"start":{"line":15,"column":25},"end":{"line":15,"column":27}},"5":{"start":{"line":16,"column":8},"end":{"line":31,"column":9}},"6":{"start":{"line":17,"column":10},"end":{"line":30,"column":11}},"7":{"start":{"line":18,"column":12},"end":{"line":22,"column":14}},"8":{"start":{"line":24,"column":12},"end":{"line":28,"column":14}},"9":{"start":{"line":29,"column":12},"end":{"line":29,"column":63}},"10":{"start":{"line":32,"column":8},"end":{"line":32,"column":25}},"11":{"start":{"line":33,"column":13},"end":{"line":47,"column":7}},"12":{"start":{"line":34,"column":8},"end":{"line":38,"column":10}},"13":{"start":{"line":39,"column":8},"end":{"line":39,"column":17}},"14":{"start":{"line":41,"column":8},"end":{"line":45,"column":10}},"15":{"start":{"line":46,"column":8},"end":{"line":46,"column":17}},"16":{"start":{"line":50,"column":6},"end":{"line":50,"column":28}},"17":{"start":{"line":50,"column":17},"end":{"line":50,"column":28}},"18":{"start":{"line":52,"column":33},"end":{"line":52,"column":48}},"19":{"start":{"line":53,"column":6},"end":{"line":53,"column":38}},"20":{"start":{"line":56,"column":6},"end":{"line":56,"column":28}},"21":{"start":{"line":56,"column":17},"end":{"line":56,"column":28}},"22":{"start":{"line":58,"column":33},"end":{"line":58,"column":48}},"23":{"start":{"line":59,"column":6},"end":{"line":59,"column":72}},"24":{"start":{"line":62,"column":6},"end":{"line":62,"column":28}},"25":{"start":{"line":62,"column":17},"end":{"line":62,"column":28}},"26":{"start":{"line":63,"column":6},"end":{"line":63,"column":55}},"27":{"start":{"line":66,"column":6},"end":{"line":66,"column":28}},"28":{"start":{"line":66,"column":17},"end":{"line":66,"column":28}},"29":{"start":{"line":67,"column":6},"end":{"line":67,"column":52}},"30":{"start":{"line":70,"column":6},"end":{"line":70,"column":28}},"31":{"start":{"line":70,"column":17},"end":{"line":70,"column":28}},"32":{"start":{"line":71,"column":6},"end":{"line":71,"column":46}},"33":{"start":{"line":74,"column":6},"end":{"line":74,"column":29}},"34":{"start":{"line":77,"column":6},"end":{"line":77,"column":25}},"35":{"start":{"line":80,"column":6},"end":{"line":80,"column":30}},"36":{"start":{"line":80,"column":19},"end":{"line":80,"column":30}},"37":{"start":{"line":81,"column":6},"end":{"line":81,"column":34}},"38":{"start":{"line":82,"column":6},"end":{"line":82,"column":79}},"39":{"start":{"line":85,"column":6},"end":{"line":85,"column":27}},"40":{"start":{"line":85,"column":16},"end":{"line":85,"column":27}},"41":{"start":{"line":86,"column":6},"end":{"line":86,"column":31}},"42":{"start":{"line":87,"column":6},"end":{"line":90,"column":7}}},"fnMap":{"0":{"name":"(anonymous_0)","decl":{"start":{"line":7,"column":4},"end":{"line":7,"column":5}},"loc":{"start":{"line":7,"column":11},"end":{"line":9,"column":5}},"line":7},"1":{"name":"(anonymous_1)","decl":{"start":{"line":12,"column":19},"end":{"line":12,"column":20}},"loc":{"start":{"line":12,"column":36},"end":{"line":48,"column":5}},"line":12},"2":{"name":"(anonymous_2)","decl":{"start":{"line":49,"column":4},"end":{"line":49,"column":5}},"loc":{"start":{"line":49,"column":21},"end":{"line":54,"column":5}},"line":49},"3":{"name":"(anonymous_3)","decl":{"start":{"line":55,"column":4},"end":{"line":55,"column":5}},"loc":{"start":{"line":55,"column":20},"end":{"line":60,"column":5}},"line":55},"4":{"name":"(anonymous_4)","decl":{"start":{"line":61,"column":4},"end":{"line":61,"column":5}},"loc":{"start":{"line":61,"column":25},"end":{"line":64,"column":5}},"line":61},"5":{"name":"(anonymous_5)","decl":{"start":{"line":65,"column":4},"end":{"line":65,"column":5}},"loc":{"start":{"line":65,"column":39},"end":{"line":68,"column":5}},"line":65},"6":{"name":"(anonymous_6)","decl":{"start":{"line":69,"column":4},"end":{"line":69,"column":5}},"loc":{"start":{"line":69,"column":31},"end":{"line":72,"column":5}},"line":69},"7":{"name":"(anonymous_7)","decl":{"start":{"line":73,"column":4},"end":{"line":73,"column":5}},"loc":{"start":{"line":73,"column":13},"end":{"line":75,"column":5}},"line":73},"8":{"name":"(anonymous_8)","decl":{"start":{"line":76,"column":4},"end":{"line":76,"column":5}},"loc":{"start":{"line":76,"column":11},"end":{"line":78,"column":5}},"line":76},"9":{"name":"(anonymous_9)","decl":{"start":{"line":79,"column":4},"end":{"line":79,"column":5}},"loc":{"start":{"line":79,"column":31},"end":{"line":83,"column":5}},"line":79},"10":{"name":"(anonymous_10)","decl":{"start":{"line":84,"column":4},"end":{"line":84,"column":5}},"loc":{"start":{"line":84,"column":20},"end":{"line":91,"column":5}},"line":84}},"branchMap":{"0":{"loc":{"start":{"line":13,"column":6},"end":{"line":47,"column":7}},"type":"if","locations":[{"start":{"line":13,"column":6},"end":{"line":47,"column":7}},{"start":{"line":13,"column":6},"end":{"line":47,"column":7}}],"line":13},"1":{"loc":{"start":{"line":17,"column":10},"end":{"line":30,"column":11}},"type":"if","locations":[{"start":{"line":17,"column":10},"end":{"line":30,"column":11}},{"start":{"line":17,"column":10},"end":{"line":30,"column":11}}],"line":17},"2":{"loc":{"start":{"line":33,"column":13},"end":{"line":47,"column":7}},"type":"if","locations":[{"start":{"line":33,"column":13},"end":{"line":47,"column":7}},{"start":{"line":33,"column":13},"end":{"line":47,"column":7}}],"line":33},"3":{"loc":{"start":{"line":50,"column":6},"end":{"line":50,"column":28}},"type":"if","locations":[{"start":{"line":50,"column":6},"end":{"line":50,"column":28}},{"start":{"line":50,"column":6},"end":{"line":50,"column":28}}],"line":50},"4":{"loc":{"start":{"line":56,"column":6},"end":{"line":56,"column":28}},"type":"if","locations":[{"start":{"line":56,"column":6},"end":{"line":56,"column":28}},{"start":{"line":56,"column":6},"end":{"line":56,"column":28}}],"line":56},"5":{"loc":{"start":{"line":62,"column":6},"end":{"line":62,"column":28}},"type":"if","locations":[{"start":{"line":62,"column":6},"end":{"line":62,"column":28}},{"start":{"line":62,"column":6},"end":{"line":62,"column":28}}],"line":62},"6":{"loc":{"start":{"line":66,"column":6},"end":{"line":66,"column":28}},"type":"if","locations":[{"start":{"line":66,"column":6},"end":{"line":66,"column":28}},{"start":{"line":66,"column":6},"end":{"line":66,"column":28}}],"line":66},"7":{"loc":{"start":{"line":70,"column":6},"end":{"line":70,"column":28}},"type":"if","locations":[{"start":{"line":70,"column":6},"end":{"line":70,"column":28}},{"start":{"line":70,"column":6},"end":{"line":70,"column":28}}],"line":70},"8":{"loc":{"start":{"line":80,"column":6},"end":{"line":80,"column":30}},"type":"if","locations":[{"start":{"line":80,"column":6},"end":{"line":80,"column":30}},{"start":{"line":80,"column":6},"end":{"line":80,"column":30}}],"line":80},"9":{"loc":{"start":{"line":85,"column":6},"end":{"line":85,"column":27}},"type":"if","locations":[{"start":{"line":85,"column":6},"end":{"line":85,"column":27}},{"start":{"line":85,"column":6},"end":{"line":85,"column":27}}],"line":85}},"s":{"0":31,"1":0,"2":0,"3":0,"4":0,"5":0,"6":0,"7":0,"8":0,"9":0,"10":0,"11":0,"12":0,"13":0,"14":0,"15":0,"16":0,"17":0,"18":0,"19":0,"20":0,"21":0,"22":0,"23":0,"24":0,"25":0,"26":0,"27":0,"28":0,"29":0,"30":0,"31":0,"32":0,"33":0,"34":0,"35":0,"36":0,"37":0,"38":0,"39":0,"40":0,"41":0,"42":0},"f":{"0":0,"1":0,"2":0,"3":0,"4":0,"5":0,"6":0,"7":0,"8":0,"9":0,"10":0},"b":{"0":[0,0],"1":[0,0],"2":[0,0],"3":[0,0],"4":[0,0],"5":[0,0],"6":[0,0],"7":[0,0],"8":[0,0],"9":[0,0]},"_coverageSchema":"43e27e138ebf9cfc5966b082cf9a028302ed4184","hash":"f7ab5b7366e65182c4a73439add2881ac880ad2b"}
,"C:\\Users\\Eliedson Holanda\\meta\\siapen-frontend\\src\\plugins\\i18n.js": {"path":"C:\\Users\\Eliedson Holanda\\meta\\siapen-frontend\\src\\plugins\\i18n.js","statementMap":{"0":{"start":{"line":4,"column":0},"end":{"line":4,"column":16}},"1":{"start":{"line":6,"column":17},"end":{"line":8,"column":1}},"2":{"start":{"line":10,"column":13},"end":{"line":14,"column":2}}},"fnMap":{},"branchMap":{},"s":{"0":31,"1":31,"2":31},"f":{},"b":{},"_coverageSchema":"43e27e138ebf9cfc5966b082cf9a028302ed4184","hash":"38b5f49e8cabba949c963d3d20a64d1bc131e1dd"}
,"C:\\Users\\Eliedson Holanda\\meta\\siapen-frontend\\src\\router\\index.js": {"path":"C:\\Users\\Eliedson Holanda\\meta\\siapen-frontend\\src\\router\\index.js","statementMap":{"0":{"start":{"line":5,"column":0},"end":{"line":5,"column":18}},"1":{"start":{"line":7,"column":15},"end":{"line":7,"column":82}},"2":{"start":{"line":7,"column":21},"end":{"line":7,"column":82}},"3":{"start":{"line":9,"column":21},"end":{"line":131,"column":1}},"4":{"start":{"line":133,"column":15},"end":{"line":138,"column":2}},"5":{"start":{"line":134,"column":2},"end":{"line":137,"column":3}},"6":{"start":{"line":136,"column":21},"end":{"line":136,"column":88}},"7":{"start":{"line":140,"column":15},"end":{"line":155,"column":2}},"8":{"start":{"line":147,"column":8},"end":{"line":147,"column":64}},"9":{"start":{"line":157,"column":0},"end":{"line":161,"column":2}},"10":{"start":{"line":158,"column":16},"end":{"line":158,"column":58}},"11":{"start":{"line":159,"column":2},"end":{"line":160,"column":13}},"12":{"start":{"line":159,"column":51},"end":{"line":159,"column":74}},"13":{"start":{"line":160,"column":7},"end":{"line":160,"column":13}}},"fnMap":{"0":{"name":"(anonymous_0)","decl":{"start":{"line":7,"column":15},"end":{"line":7,"column":16}},"loc":{"start":{"line":7,"column":21},"end":{"line":7,"column":82}},"line":7},"1":{"name":"(anonymous_1)","decl":{"start":{"line":133,"column":32},"end":{"line":133,"column":33}},"loc":{"start":{"line":133,"column":41},"end":{"line":138,"column":1}},"line":133},"2":{"name":"(anonymous_2)","decl":{"start":{"line":136,"column":15},"end":{"line":136,"column":16}},"loc":{"start":{"line":136,"column":21},"end":{"line":136,"column":88}},"line":136},"3":{"name":"(anonymous_3)","decl":{"start":{"line":146,"column":17},"end":{"line":146,"column":18}},"loc":{"start":{"line":147,"column":8},"end":{"line":147,"column":64}},"line":147},"4":{"name":"(anonymous_4)","decl":{"start":{"line":157,"column":18},"end":{"line":157,"column":19}},"loc":{"start":{"line":157,"column":38},"end":{"line":161,"column":1}},"line":157}},"branchMap":{"0":{"loc":{"start":{"line":159,"column":2},"end":{"line":160,"column":13}},"type":"if","locations":[{"start":{"line":159,"column":2},"end":{"line":160,"column":13}},{"start":{"line":159,"column":2},"end":{"line":160,"column":13}}],"line":159},"1":{"loc":{"start":{"line":159,"column":6},"end":{"line":159,"column":49}},"type":"binary-expr","locations":[{"start":{"line":159,"column":6},"end":{"line":159,"column":25}},{"start":{"line":159,"column":29},"end":{"line":159,"column":49}}],"line":159}},"s":{"0":31,"1":31,"2":0,"3":31,"4":31,"5":3441,"6":0,"7":31,"8":0,"9":31,"10":0,"11":0,"12":0,"13":0},"f":{"0":0,"1":3441,"2":0,"3":0,"4":0},"b":{"0":[0,0],"1":[0,0]},"_coverageSchema":"43e27e138ebf9cfc5966b082cf9a028302ed4184","hash":"8a4640f780a2be6b4bcfeb07f649a950afd3ea2e"}
,"C:\\Users\\Eliedson Holanda\\meta\\siapen-frontend\\src\\services\\BlocoService.js": {"path":"C:\\Users\\Eliedson Holanda\\meta\\siapen-frontend\\src\\services\\BlocoService.js","statementMap":{"0":{"start":{"line":3,"column":25},"end":{"line":5,"column":1}},"1":{"start":{"line":4,"column":2},"end":{"line":4,"column":50}},"2":{"start":{"line":7,"column":29},"end":{"line":9,"column":1}},"3":{"start":{"line":8,"column":2},"end":{"line":8,"column":56}}},"fnMap":{"0":{"name":"(anonymous_0)","decl":{"start":{"line":3,"column":25},"end":{"line":3,"column":26}},"loc":{"start":{"line":3,"column":31},"end":{"line":5,"column":1}},"line":3},"1":{"name":"(anonymous_1)","decl":{"start":{"line":7,"column":29},"end":{"line":7,"column":30}},"loc":{"start":{"line":7,"column":35},"end":{"line":9,"column":1}},"line":7}},"branchMap":{},"s":{"0":1,"1":0,"2":1,"3":0},"f":{"0":0,"1":0},"b":{},"_coverageSchema":"43e27e138ebf9cfc5966b082cf9a028302ed4184","hash":"a5625338df16ab23d4f064c9d367b0cace50b7c8"}
,"C:\\Users\\Eliedson Holanda\\meta\\siapen-frontend\\src\\services\\CelaService.js": {"path":"C:\\Users\\Eliedson Holanda\\meta\\siapen-frontend\\src\\services\\CelaService.js","statementMap":{"0":{"start":{"line":3,"column":25},"end":{"line":5,"column":1}},"1":{"start":{"line":4,"column":2},"end":{"line":4,"column":50}},"2":{"start":{"line":7,"column":29},"end":{"line":9,"column":1}},"3":{"start":{"line":8,"column":2},"end":{"line":8,"column":56}}},"fnMap":{"0":{"name":"(anonymous_0)","decl":{"start":{"line":3,"column":25},"end":{"line":3,"column":26}},"loc":{"start":{"line":3,"column":31},"end":{"line":5,"column":1}},"line":3},"1":{"name":"(anonymous_1)","decl":{"start":{"line":7,"column":29},"end":{"line":7,"column":30}},"loc":{"start":{"line":7,"column":35},"end":{"line":9,"column":1}},"line":7}},"branchMap":{},"s":{"0":1,"1":0,"2":1,"3":0},"f":{"0":0,"1":0},"b":{},"_coverageSchema":"43e27e138ebf9cfc5966b082cf9a028302ed4184","hash":"0c6d8c9caaf77ca71ebc9ec19597304bc5b375c4"}
,"C:\\Users\\Eliedson Holanda\\meta\\siapen-frontend\\src\\services\\SetorService.js": {"path":"C:\\Users\\Eliedson Holanda\\meta\\siapen-frontend\\src\\services\\SetorService.js","statementMap":{"0":{"start":{"line":3,"column":22},"end":{"line":5,"column":1}},"1":{"start":{"line":4,"column":2},"end":{"line":4,"column":69}},"2":{"start":{"line":7,"column":21},"end":{"line":9,"column":1}},"3":{"start":{"line":8,"column":2},"end":{"line":8,"column":48}},"4":{"start":{"line":11,"column":34},"end":{"line":13,"column":1}},"5":{"start":{"line":12,"column":2},"end":{"line":12,"column":56}},"6":{"start":{"line":15,"column":23},"end":{"line":17,"column":1}},"7":{"start":{"line":16,"column":2},"end":{"line":16,"column":51}},"8":{"start":{"line":19,"column":22},"end":{"line":35,"column":1}},"9":{"start":{"line":20,"column":2},"end":{"line":22,"column":3}},"10":{"start":{"line":21,"column":4},"end":{"line":21,"column":14}},"11":{"start":{"line":24,"column":2},"end":{"line":26,"column":3}},"12":{"start":{"line":25,"column":4},"end":{"line":25,"column":74}},"13":{"start":{"line":28,"column":2},"end":{"line":30,"column":3}},"14":{"start":{"line":29,"column":4},"end":{"line":29,"column":25}},"15":{"start":{"line":32,"column":2},"end":{"line":34,"column":3}},"16":{"start":{"line":37,"column":25},"end":{"line":39,"column":1}},"17":{"start":{"line":38,"column":2},"end":{"line":38,"column":56}},"18":{"start":{"line":41,"column":29},"end":{"line":43,"column":1}},"19":{"start":{"line":42,"column":2},"end":{"line":42,"column":62}},"20":{"start":{"line":45,"column":23},"end":{"line":47,"column":1}},"21":{"start":{"line":46,"column":2},"end":{"line":46,"column":50}},"22":{"start":{"line":49,"column":23},"end":{"line":51,"column":1}},"23":{"start":{"line":50,"column":2},"end":{"line":50,"column":62}}},"fnMap":{"0":{"name":"(anonymous_0)","decl":{"start":{"line":3,"column":22},"end":{"line":3,"column":23}},"loc":{"start":{"line":3,"column":28},"end":{"line":5,"column":1}},"line":3},"1":{"name":"(anonymous_1)","decl":{"start":{"line":7,"column":21},"end":{"line":7,"column":22}},"loc":{"start":{"line":7,"column":27},"end":{"line":9,"column":1}},"line":7},"2":{"name":"(anonymous_2)","decl":{"start":{"line":11,"column":34},"end":{"line":11,"column":35}},"loc":{"start":{"line":11,"column":40},"end":{"line":13,"column":1}},"line":11},"3":{"name":"(anonymous_3)","decl":{"start":{"line":15,"column":23},"end":{"line":15,"column":24}},"loc":{"start":{"line":15,"column":29},"end":{"line":17,"column":1}},"line":15},"4":{"name":"(anonymous_4)","decl":{"start":{"line":19,"column":22},"end":{"line":19,"column":23}},"loc":{"start":{"line":19,"column":71},"end":{"line":35,"column":1}},"line":19},"5":{"name":"(anonymous_5)","decl":{"start":{"line":37,"column":25},"end":{"line":37,"column":26}},"loc":{"start":{"line":37,"column":31},"end":{"line":39,"column":1}},"line":37},"6":{"name":"(anonymous_6)","decl":{"start":{"line":41,"column":29},"end":{"line":41,"column":30}},"loc":{"start":{"line":41,"column":35},"end":{"line":43,"column":1}},"line":41},"7":{"name":"(anonymous_7)","decl":{"start":{"line":45,"column":23},"end":{"line":45,"column":24}},"loc":{"start":{"line":45,"column":33},"end":{"line":47,"column":1}},"line":45},"8":{"name":"(anonymous_8)","decl":{"start":{"line":49,"column":23},"end":{"line":49,"column":24}},"loc":{"start":{"line":49,"column":33},"end":{"line":51,"column":1}},"line":49}},"branchMap":{"0":{"loc":{"start":{"line":20,"column":2},"end":{"line":22,"column":3}},"type":"if","locations":[{"start":{"line":20,"column":2},"end":{"line":22,"column":3}},{"start":{"line":20,"column":2},"end":{"line":22,"column":3}}],"line":20},"1":{"loc":{"start":{"line":24,"column":2},"end":{"line":26,"column":3}},"type":"if","locations":[{"start":{"line":24,"column":2},"end":{"line":26,"column":3}},{"start":{"line":24,"column":2},"end":{"line":26,"column":3}}],"line":24},"2":{"loc":{"start":{"line":28,"column":2},"end":{"line":30,"column":3}},"type":"if","locations":[{"start":{"line":28,"column":2},"end":{"line":30,"column":3}},{"start":{"line":28,"column":2},"end":{"line":30,"column":3}}],"line":28}},"s":{"0":1,"1":0,"2":1,"3":0,"4":1,"5":0,"6":1,"7":0,"8":1,"9":0,"10":0,"11":0,"12":0,"13":0,"14":0,"15":0,"16":1,"17":0,"18":1,"19":0,"20":1,"21":0,"22":1,"23":0},"f":{"0":0,"1":0,"2":0,"3":0,"4":0,"5":0,"6":0,"7":0,"8":0},"b":{"0":[0,0],"1":[0,0],"2":[0,0]},"_coverageSchema":"43e27e138ebf9cfc5966b082cf9a028302ed4184","hash":"cb601a80971cefee6d8f4c705912ba69a66f29a7"}
,"C:\\Users\\Eliedson Holanda\\meta\\siapen-frontend\\src\\services\\auth.service.js": {"path":"C:\\Users\\Eliedson Holanda\\meta\\siapen-frontend\\src\\services\\auth.service.js","statementMap":{"0":{"start":{"line":6,"column":16},"end":{"line":8,"column":2}},"1":{"start":{"line":10,"column":27},"end":{"line":12,"column":1}},"2":{"start":{"line":11,"column":2},"end":{"line":11,"column":42}},"3":{"start":{"line":14,"column":24},"end":{"line":20,"column":1}},"4":{"start":{"line":15,"column":15},"end":{"line":15,"column":54}},"5":{"start":{"line":16,"column":2},"end":{"line":16,"column":61}},"6":{"start":{"line":17,"column":2},"end":{"line":17,"column":63}},"7":{"start":{"line":18,"column":2},"end":{"line":18,"column":43}},"8":{"start":{"line":19,"column":2},"end":{"line":19,"column":18}},"9":{"start":{"line":22,"column":28},"end":{"line":30,"column":1}},"10":{"start":{"line":23,"column":2},"end":{"line":25,"column":3}},"11":{"start":{"line":24,"column":4},"end":{"line":24,"column":16}},"12":{"start":{"line":27,"column":18},"end":{"line":27,"column":31}},"13":{"start":{"line":28,"column":22},"end":{"line":28,"column":39}},"14":{"start":{"line":29,"column":2},"end":{"line":29,"column":34}},"15":{"start":{"line":32,"column":28},"end":{"line":43,"column":1}},"16":{"start":{"line":33,"column":2},"end":{"line":42,"column":6}},"17":{"start":{"line":36,"column":19},"end":{"line":36,"column":58}},"18":{"start":{"line":37,"column":6},"end":{"line":37,"column":65}},"19":{"start":{"line":38,"column":6},"end":{"line":38,"column":47}},"20":{"start":{"line":41,"column":6},"end":{"line":41,"column":18}},"21":{"start":{"line":45,"column":26},"end":{"line":49,"column":1}},"22":{"start":{"line":46,"column":2},"end":{"line":46,"column":47}},"23":{"start":{"line":47,"column":2},"end":{"line":47,"column":48}},"24":{"start":{"line":48,"column":2},"end":{"line":48,"column":40}},"25":{"start":{"line":51,"column":23},"end":{"line":53,"column":1}},"26":{"start":{"line":52,"column":2},"end":{"line":52,"column":56}},"27":{"start":{"line":55,"column":30},"end":{"line":63,"column":1}},"28":{"start":{"line":56,"column":2},"end":{"line":56,"column":42}},"29":{"start":{"line":57,"column":2},"end":{"line":62,"column":6}},"30":{"start":{"line":60,"column":6},"end":{"line":60,"column":65}},"31":{"start":{"line":61,"column":6},"end":{"line":61,"column":47}},"32":{"start":{"line":65,"column":30},"end":{"line":67,"column":1}},"33":{"start":{"line":66,"column":2},"end":{"line":66,"column":51}}},"fnMap":{"0":{"name":"(anonymous_0)","decl":{"start":{"line":10,"column":27},"end":{"line":10,"column":28}},"loc":{"start":{"line":10,"column":35},"end":{"line":12,"column":1}},"line":10},"1":{"name":"(anonymous_1)","decl":{"start":{"line":14,"column":24},"end":{"line":14,"column":25}},"loc":{"start":{"line":14,"column":31},"end":{"line":20,"column":1}},"line":14},"2":{"name":"(anonymous_2)","decl":{"start":{"line":22,"column":28},"end":{"line":22,"column":29}},"loc":{"start":{"line":22,"column":37},"end":{"line":30,"column":1}},"line":22},"3":{"name":"(anonymous_3)","decl":{"start":{"line":32,"column":28},"end":{"line":32,"column":29}},"loc":{"start":{"line":32,"column":40},"end":{"line":43,"column":1}},"line":32},"4":{"name":"(anonymous_4)","decl":{"start":{"line":35,"column":10},"end":{"line":35,"column":11}},"loc":{"start":{"line":35,"column":17},"end":{"line":39,"column":5}},"line":35},"5":{"name":"(anonymous_5)","decl":{"start":{"line":40,"column":11},"end":{"line":40,"column":12}},"loc":{"start":{"line":40,"column":17},"end":{"line":42,"column":5}},"line":40},"6":{"name":"(anonymous_6)","decl":{"start":{"line":45,"column":26},"end":{"line":45,"column":27}},"loc":{"start":{"line":45,"column":32},"end":{"line":49,"column":1}},"line":45},"7":{"name":"(anonymous_7)","decl":{"start":{"line":51,"column":23},"end":{"line":51,"column":24}},"loc":{"start":{"line":51,"column":29},"end":{"line":53,"column":1}},"line":51},"8":{"name":"(anonymous_8)","decl":{"start":{"line":55,"column":30},"end":{"line":55,"column":31}},"loc":{"start":{"line":55,"column":42},"end":{"line":63,"column":1}},"line":55},"9":{"name":"(anonymous_9)","decl":{"start":{"line":59,"column":10},"end":{"line":59,"column":11}},"loc":{"start":{"line":59,"column":17},"end":{"line":62,"column":5}},"line":59},"10":{"name":"(anonymous_10)","decl":{"start":{"line":65,"column":30},"end":{"line":65,"column":31}},"loc":{"start":{"line":65,"column":36},"end":{"line":67,"column":1}},"line":65}},"branchMap":{"0":{"loc":{"start":{"line":23,"column":2},"end":{"line":25,"column":3}},"type":"if","locations":[{"start":{"line":23,"column":2},"end":{"line":25,"column":3}},{"start":{"line":23,"column":2},"end":{"line":25,"column":3}}],"line":23}},"s":{"0":31,"1":31,"2":0,"3":31,"4":0,"5":0,"6":0,"7":0,"8":0,"9":31,"10":0,"11":0,"12":0,"13":0,"14":0,"15":31,"16":0,"17":0,"18":0,"19":0,"20":0,"21":31,"22":0,"23":0,"24":0,"25":31,"26":0,"27":31,"28":0,"29":0,"30":0,"31":0,"32":31,"33":0},"f":{"0":0,"1":0,"2":0,"3":0,"4":0,"5":0,"6":0,"7":0,"8":0,"9":0,"10":0},"b":{"0":[0,0]},"_coverageSchema":"43e27e138ebf9cfc5966b082cf9a028302ed4184","hash":"ec538b9ed5ded972214952e78afd8878aa88081b"}
,"C:\\Users\\Eliedson Holanda\\meta\\siapen-frontend\\src\\services\\generic.service.js": {"path":"C:\\Users\\Eliedson Holanda\\meta\\siapen-frontend\\src\\services\\generic.service.js","statementMap":{"0":{"start":{"line":8,"column":4},"end":{"line":10,"column":6}},"1":{"start":{"line":14,"column":4},"end":{"line":16,"column":6}},"2":{"start":{"line":20,"column":4},"end":{"line":22,"column":6}},"3":{"start":{"line":26,"column":4},"end":{"line":28,"column":6}},"4":{"start":{"line":32,"column":4},"end":{"line":32,"column":50}}},"fnMap":{"0":{"name":"(anonymous_0)","decl":{"start":{"line":7,"column":2},"end":{"line":7,"column":3}},"loc":{"start":{"line":7,"column":29},"end":{"line":11,"column":3}},"line":7},"1":{"name":"(anonymous_1)","decl":{"start":{"line":13,"column":2},"end":{"line":13,"column":3}},"loc":{"start":{"line":13,"column":32},"end":{"line":17,"column":3}},"line":13},"2":{"name":"(anonymous_2)","decl":{"start":{"line":19,"column":2},"end":{"line":19,"column":3}},"loc":{"start":{"line":19,"column":37},"end":{"line":23,"column":3}},"line":19},"3":{"name":"(anonymous_3)","decl":{"start":{"line":25,"column":2},"end":{"line":25,"column":3}},"loc":{"start":{"line":25,"column":41},"end":{"line":29,"column":3}},"line":25},"4":{"name":"(anonymous_4)","decl":{"start":{"line":31,"column":2},"end":{"line":31,"column":3}},"loc":{"start":{"line":31,"column":35},"end":{"line":33,"column":3}},"line":31}},"branchMap":{},"s":{"0":0,"1":0,"2":0,"3":0,"4":0},"f":{"0":0,"1":0,"2":0,"3":0,"4":0},"b":{},"_coverageSchema":"43e27e138ebf9cfc5966b082cf9a028302ed4184","hash":"74129327c42df943f387f457492ca93a388dc276"}
,"C:\\Users\\Eliedson Holanda\\meta\\siapen-frontend\\src\\shared\\endpoints.js": {"path":"C:\\Users\\Eliedson Holanda\\meta\\siapen-frontend\\src\\shared\\endpoints.js","statementMap":{"0":{"start":{"line":1,"column":18},"end":{"line":69,"column":1}}},"fnMap":{},"branchMap":{},"s":{"0":31},"f":{},"b":{},"_coverageSchema":"43e27e138ebf9cfc5966b082cf9a028302ed4184","hash":"e1bd9a311f543f0c2605b2926808eba5dea11b68"}
,"C:\\Users\\Eliedson Holanda\\meta\\siapen-frontend\\src\\shared\\mensagens.js": {"path":"C:\\Users\\Eliedson Holanda\\meta\\siapen-frontend\\src\\shared\\mensagens.js","statementMap":{"0":{"start":{"line":1,"column":18},"end":{"line":45,"column":1}},"1":{"start":{"line":2,"column":13},"end":{"line":42,"column":3}},"2":{"start":{"line":44,"column":2},"end":{"line":44,"column":17}}},"fnMap":{"0":{"name":"(anonymous_0)","decl":{"start":{"line":1,"column":18},"end":{"line":1,"column":19}},"loc":{"start":{"line":1,"column":33},"end":{"line":45,"column":1}},"line":1}},"branchMap":{},"s":{"0":31,"1":0,"2":0},"f":{"0":0},"b":{},"_coverageSchema":"43e27e138ebf9cfc5966b082cf9a028302ed4184","hash":"1681e0c10fc33a4d3c526872876ef9ab4e5d55cf"}
,"C:\\Users\\Eliedson Holanda\\meta\\siapen-frontend\\src\\store\\index.js": {"path":"C:\\Users\\Eliedson Holanda\\meta\\siapen-frontend\\src\\store\\index.js","statementMap":{"0":{"start":{"line":6,"column":0},"end":{"line":6,"column":13}}},"fnMap":{},"branchMap":{},"s":{"0":31},"f":{},"b":{},"_coverageSchema":"43e27e138ebf9cfc5966b082cf9a028302ed4184","hash":"c34c91666edd1984b957a420bd4fa0f6d15a7ded"}
,"C:\\Users\\Eliedson Holanda\\meta\\siapen-frontend\\src\\store\\modules\\loading\\index.js": {"path":"C:\\Users\\Eliedson Holanda\\meta\\siapen-frontend\\src\\store\\modules\\loading\\index.js","statementMap":{"0":{"start":{"line":8,"column":6},"end":{"line":8,"column":26}},"1":{"start":{"line":13,"column":6},"end":{"line":13,"column":29}}},"fnMap":{"0":{"name":"(anonymous_0)","decl":{"start":{"line":7,"column":4},"end":{"line":7,"column":5}},"loc":{"start":{"line":7,"column":22},"end":{"line":9,"column":5}},"line":7},"1":{"name":"(anonymous_1)","decl":{"start":{"line":12,"column":4},"end":{"line":12,"column":5}},"loc":{"start":{"line":12,"column":31},"end":{"line":14,"column":5}},"line":12}},"branchMap":{},"s":{"0":0,"1":0},"f":{"0":0,"1":0},"b":{},"_coverageSchema":"43e27e138ebf9cfc5966b082cf9a028302ed4184","hash":"20bf3114136ef6fd27a78af8771fd20ceafc0852"}
,"C:\\Users\\Eliedson Holanda\\meta\\siapen-frontend\\src\\store\\modules\\snackbar\\index.js": {"path":"C:\\Users\\Eliedson Holanda\\meta\\siapen-frontend\\src\\store\\modules\\snackbar\\index.js","statementMap":{"0":{"start":{"line":8,"column":21},"end":{"line":10,"column":7}},"1":{"start":{"line":9,"column":13},"end":{"line":9,"column":49}},"2":{"start":{"line":11,"column":6},"end":{"line":13,"column":7}},"3":{"start":{"line":12,"column":8},"end":{"line":12,"column":58}},"4":{"start":{"line":18,"column":6},"end":{"line":18,"column":29}},"5":{"start":{"line":19,"column":6},"end":{"line":19,"column":50}},"6":{"start":{"line":20,"column":6},"end":{"line":20,"column":38}}},"fnMap":{"0":{"name":"(anonymous_0)","decl":{"start":{"line":7,"column":4},"end":{"line":7,"column":5}},"loc":{"start":{"line":7,"column":34},"end":{"line":14,"column":5}},"line":7},"1":{"name":"(anonymous_1)","decl":{"start":{"line":9,"column":8},"end":{"line":9,"column":9}},"loc":{"start":{"line":9,"column":13},"end":{"line":9,"column":49}},"line":9},"2":{"name":"(anonymous_2)","decl":{"start":{"line":17,"column":4},"end":{"line":17,"column":5}},"loc":{"start":{"line":17,"column":38},"end":{"line":21,"column":5}},"line":17}},"branchMap":{"0":{"loc":{"start":{"line":9,"column":13},"end":{"line":9,"column":49}},"type":"binary-expr","locations":[{"start":{"line":9,"column":13},"end":{"line":9,"column":36}},{"start":{"line":9,"column":40},"end":{"line":9,"column":49}}],"line":9},"1":{"loc":{"start":{"line":11,"column":6},"end":{"line":13,"column":7}},"type":"if","locations":[{"start":{"line":11,"column":6},"end":{"line":13,"column":7}},{"start":{"line":11,"column":6},"end":{"line":13,"column":7}}],"line":11},"2":{"loc":{"start":{"line":19,"column":23},"end":{"line":19,"column":50}},"type":"binary-expr","locations":[{"start":{"line":19,"column":23},"end":{"line":19,"column":37}},{"start":{"line":19,"column":41},"end":{"line":19,"column":50}}],"line":19}},"s":{"0":0,"1":0,"2":0,"3":0,"4":0,"5":0,"6":0},"f":{"0":0,"1":0,"2":0},"b":{"0":[0,0],"1":[0,0],"2":[0,0]},"_coverageSchema":"43e27e138ebf9cfc5966b082cf9a028302ed4184","hash":"8a172aa74446801b0aabc0c5958a042ad9ad4a17"}
,"C:\\Users\\Eliedson Holanda\\meta\\siapen-frontend\\src\\views\\advogado\\list.vue": {"path":"C:\\Users\\Eliedson Holanda\\meta\\siapen-frontend\\src\\views\\advogado\\list.vue","statementMap":{"0":{"start":{"line":31,"column":0},"end":{"line":31,"column":null}}},"fnMap":{},"branchMap":{},"s":{"0":1},"f":{},"b":{}}
,"C:\\Users\\Eliedson Holanda\\meta\\siapen-frontend\\src\\views\\inteligencia\\faccao\\list.vue": {"path":"C:\\Users\\Eliedson Holanda\\meta\\siapen-frontend\\src\\views\\inteligencia\\faccao\\list.vue","statementMap":{"0":{"start":{"line":29,"column":0},"end":{"line":29,"column":null}}},"fnMap":{},"branchMap":{},"s":{"0":1},"f":{},"b":{}}
,"C:\\Users\\Eliedson Holanda\\meta\\siapen-frontend\\src\\views\\inteligencia\\faccao-cargo\\list.vue": {"path":"C:\\Users\\Eliedson Holanda\\meta\\siapen-frontend\\src\\views\\inteligencia\\faccao-cargo\\list.vue","statementMap":{"0":{"start":{"line":28,"column":0},"end":{"line":28,"column":null}}},"fnMap":{},"branchMap":{},"s":{"0":1},"f":{},"b":{}}
,"C:\\Users\\Eliedson Holanda\\meta\\siapen-frontend\\src\\views\\inteligencia\\faccao-grupo\\list.vue": {"path":"C:\\Users\\Eliedson Holanda\\meta\\siapen-frontend\\src\\views\\inteligencia\\faccao-grupo\\list.vue","statementMap":{"0":{"start":{"line":28,"column":0},"end":{"line":28,"column":null}}},"fnMap":{},"branchMap":{},"s":{"0":1},"f":{},"b":{}}
,"C:\\Users\\Eliedson Holanda\\meta\\siapen-frontend\\src\\views\\parametrizacao\\cargo\\list.vue": {"path":"C:\\Users\\Eliedson Holanda\\meta\\siapen-frontend\\src\\views\\parametrizacao\\cargo\\list.vue","statementMap":{"0":{"start":{"line":26,"column":0},"end":{"line":26,"column":null}}},"fnMap":{},"branchMap":{},"s":{"0":1},"f":{},"b":{}}
,"C:\\Users\\Eliedson Holanda\\meta\\siapen-frontend\\src\\views\\parametrizacao\\comportamento-interno\\list.vue": {"path":"C:\\Users\\Eliedson Holanda\\meta\\siapen-frontend\\src\\views\\parametrizacao\\comportamento-interno\\list.vue","statementMap":{"0":{"start":{"line":26,"column":0},"end":{"line":26,"column":null}}},"fnMap":{},"branchMap":{},"s":{"0":1},"f":{},"b":{}}
,"C:\\Users\\Eliedson Holanda\\meta\\siapen-frontend\\src\\views\\parametrizacao\\estado-civil\\list.vue": {"path":"C:\\Users\\Eliedson Holanda\\meta\\siapen-frontend\\src\\views\\parametrizacao\\estado-civil\\list.vue","statementMap":{"0":{"start":{"line":26,"column":0},"end":{"line":26,"column":null}}},"fnMap":{},"branchMap":{},"s":{"0":1},"f":{},"b":{}}
,"C:\\Users\\Eliedson Holanda\\meta\\siapen-frontend\\src\\views\\parametrizacao\\funcao\\list.vue": {"path":"C:\\Users\\Eliedson Holanda\\meta\\siapen-frontend\\src\\views\\parametrizacao\\funcao\\list.vue","statementMap":{"0":{"start":{"line":26,"column":0},"end":{"line":26,"column":null}}},"fnMap":{},"branchMap":{},"s":{"0":1},"f":{},"b":{}}
,"C:\\Users\\Eliedson Holanda\\meta\\siapen-frontend\\src\\views\\parametrizacao\\genero\\list.vue": {"path":"C:\\Users\\Eliedson Holanda\\meta\\siapen-frontend\\src\\views\\parametrizacao\\genero\\list.vue","statementMap":{"0":{"start":{"line":26,"column":0},"end":{"line":26,"column":null}}},"fnMap":{},"branchMap":{},"s":{"0":1},"f":{},"b":{}}
,"C:\\Users\\Eliedson Holanda\\meta\\siapen-frontend\\src\\views\\parametrizacao\\grau-instrucao\\list.vue": {"path":"C:\\Users\\Eliedson Holanda\\meta\\siapen-frontend\\src\\views\\parametrizacao\\grau-instrucao\\list.vue","statementMap":{"0":{"start":{"line":26,"column":0},"end":{"line":26,"column":null}}},"fnMap":{},"branchMap":{},"s":{"0":1},"f":{},"b":{}}
,"C:\\Users\\Eliedson Holanda\\meta\\siapen-frontend\\src\\views\\parametrizacao\\grau-periculosidade\\list.vue": {"path":"C:\\Users\\Eliedson Holanda\\meta\\siapen-frontend\\src\\views\\parametrizacao\\grau-periculosidade\\list.vue","statementMap":{"0":{"start":{"line":28,"column":0},"end":{"line":28,"column":null}}},"fnMap":{},"branchMap":{},"s":{"0":1},"f":{},"b":{}}
,"C:\\Users\\Eliedson Holanda\\meta\\siapen-frontend\\src\\views\\parametrizacao\\necessidade-especial\\list.vue": {"path":"C:\\Users\\Eliedson Holanda\\meta\\siapen-frontend\\src\\views\\parametrizacao\\necessidade-especial\\list.vue","statementMap":{"0":{"start":{"line":26,"column":0},"end":{"line":26,"column":null}}},"fnMap":{},"branchMap":{},"s":{"0":1},"f":{},"b":{}}
,"C:\\Users\\Eliedson Holanda\\meta\\siapen-frontend\\src\\views\\parametrizacao\\norma-juridica\\list.vue": {"path":"C:\\Users\\Eliedson Holanda\\meta\\siapen-frontend\\src\\views\\parametrizacao\\norma-juridica\\list.vue","statementMap":{"0":{"start":{"line":29,"column":0},"end":{"line":29,"column":null}}},"fnMap":{},"branchMap":{},"s":{"0":1},"f":{},"b":{}}
,"C:\\Users\\Eliedson Holanda\\meta\\siapen-frontend\\src\\views\\parametrizacao\\orgao-expedidor\\list.vue": {"path":"C:\\Users\\Eliedson Holanda\\meta\\siapen-frontend\\src\\views\\parametrizacao\\orgao-expedidor\\list.vue","statementMap":{"0":{"start":{"line":28,"column":0},"end":{"line":28,"column":null}}},"fnMap":{},"branchMap":{},"s":{"0":1},"f":{},"b":{}}
,"C:\\Users\\Eliedson Holanda\\meta\\siapen-frontend\\src\\views\\parametrizacao\\orientacao-sexual\\list.vue": {"path":"C:\\Users\\Eliedson Holanda\\meta\\siapen-frontend\\src\\views\\parametrizacao\\orientacao-sexual\\list.vue","statementMap":{"0":{"start":{"line":26,"column":0},"end":{"line":26,"column":null}}},"fnMap":{},"branchMap":{},"s":{"0":1},"f":{},"b":{}}
,"C:\\Users\\Eliedson Holanda\\meta\\siapen-frontend\\src\\views\\parametrizacao\\profissao\\list.vue": {"path":"C:\\Users\\Eliedson Holanda\\meta\\siapen-frontend\\src\\views\\parametrizacao\\profissao\\list.vue","statementMap":{"0":{"start":{"line":26,"column":0},"end":{"line":26,"column":null}}},"fnMap":{},"branchMap":{},"s":{"0":1},"f":{},"b":{}}
,"C:\\Users\\Eliedson Holanda\\meta\\siapen-frontend\\src\\views\\parametrizacao\\raca\\list.vue": {"path":"C:\\Users\\Eliedson Holanda\\meta\\siapen-frontend\\src\\views\\parametrizacao\\raca\\list.vue","statementMap":{"0":{"start":{"line":26,"column":0},"end":{"line":26,"column":null}}},"fnMap":{},"branchMap":{},"s":{"0":1},"f":{},"b":{}}
,"C:\\Users\\Eliedson Holanda\\meta\\siapen-frontend\\src\\views\\parametrizacao\\regime-prisional\\list.vue": {"path":"C:\\Users\\Eliedson Holanda\\meta\\siapen-frontend\\src\\views\\parametrizacao\\regime-prisional\\list.vue","statementMap":{"0":{"start":{"line":26,"column":0},"end":{"line":26,"column":null}}},"fnMap":{},"branchMap":{},"s":{"0":1},"f":{},"b":{}}
,"C:\\Users\\Eliedson Holanda\\meta\\siapen-frontend\\src\\views\\parametrizacao\\religiao\\list.vue": {"path":"C:\\Users\\Eliedson Holanda\\meta\\siapen-frontend\\src\\views\\parametrizacao\\religiao\\list.vue","statementMap":{"0":{"start":{"line":26,"column":0},"end":{"line":26,"column":null}}},"fnMap":{},"branchMap":{},"s":{"0":1},"f":{},"b":{}}
,"C:\\Users\\Eliedson Holanda\\meta\\siapen-frontend\\src\\views\\parametrizacao\\setor\\list.vue": {"path":"C:\\Users\\Eliedson Holanda\\meta\\siapen-frontend\\src\\views\\parametrizacao\\setor\\list.vue","statementMap":{"0":{"start":{"line":30,"column":0},"end":{"line":30,"column":null}},"1":{"start":{"line":31,"column":0},"end":{"line":31,"column":null}},"2":{"start":{"line":32,"column":0},"end":{"line":32,"column":null}},"3":{"start":{"line":38,"column":0},"end":{"line":40,"column":null}},"4":{"start":{"line":39,"column":0},"end":{"line":39,"column":null}}},"fnMap":{"0":{"name":"(anonymous_1)","decl":{"start":{"line":37,"column":0},"end":{"line":37,"column":null}},"loc":{"start":{"line":37,"column":0},"end":{"line":41,"column":null}}},"1":{"name":"(anonymous_2)","decl":{"start":{"line":38,"column":0},"end":{"line":38,"column":null}},"loc":{"start":{"line":38,"column":0},"end":{"line":40,"column":null}}}},"branchMap":{},"s":{"0":1,"1":1,"2":1,"3":0,"4":0},"f":{"0":0,"1":0},"b":{}}
,"C:\\Users\\Eliedson Holanda\\meta\\siapen-frontend\\src\\views\\parametrizacao\\telefone\\list.vue": {"path":"C:\\Users\\Eliedson Holanda\\meta\\siapen-frontend\\src\\views\\parametrizacao\\telefone\\list.vue","statementMap":{"0":{"start":{"line":29,"column":0},"end":{"line":29,"column":null}}},"fnMap":{},"branchMap":{},"s":{"0":1},"f":{},"b":{}}
,"C:\\Users\\Eliedson Holanda\\meta\\siapen-frontend\\src\\views\\parametrizacao\\tipo-documento\\list.vue": {"path":"C:\\Users\\Eliedson Holanda\\meta\\siapen-frontend\\src\\views\\parametrizacao\\tipo-documento\\list.vue","statementMap":{"0":{"start":{"line":26,"column":0},"end":{"line":26,"column":null}}},"fnMap":{},"branchMap":{},"s":{"0":1},"f":{},"b":{}}
,"C:\\Users\\Eliedson Holanda\\meta\\siapen-frontend\\src\\views\\parametrizacao\\titulo\\list.vue": {"path":"C:\\Users\\Eliedson Holanda\\meta\\siapen-frontend\\src\\views\\parametrizacao\\titulo\\list.vue","statementMap":{"0":{"start":{"line":28,"column":0},"end":{"line":28,"column":null}}},"fnMap":{},"branchMap":{},"s":{"0":1},"f":{},"b":{}}
,"C:\\Users\\Eliedson Holanda\\meta\\siapen-frontend\\src\\views\\parametrizacao\\vinculo\\list.vue": {"path":"C:\\Users\\Eliedson Holanda\\meta\\siapen-frontend\\src\\views\\parametrizacao\\vinculo\\list.vue","statementMap":{"0":{"start":{"line":26,"column":0},"end":{"line":26,"column":null}}},"fnMap":{},"branchMap":{},"s":{"0":1},"f":{},"b":{}}
,"C:\\Users\\Eliedson Holanda\\meta\\siapen-frontend\\src\\views\\prisional\\bloco\\list.vue": {"path":"C:\\Users\\Eliedson Holanda\\meta\\siapen-frontend\\src\\views\\prisional\\bloco\\list.vue","statementMap":{"0":{"start":{"line":31,"column":0},"end":{"line":31,"column":null}},"1":{"start":{"line":32,"column":0},"end":{"line":32,"column":null}},"2":{"start":{"line":33,"column":0},"end":{"line":33,"column":null}},"3":{"start":{"line":39,"column":0},"end":{"line":41,"column":null}},"4":{"start":{"line":40,"column":0},"end":{"line":40,"column":null}}},"fnMap":{"0":{"name":"(anonymous_1)","decl":{"start":{"line":38,"column":0},"end":{"line":38,"column":null}},"loc":{"start":{"line":38,"column":0},"end":{"line":42,"column":null}}},"1":{"name":"(anonymous_2)","decl":{"start":{"line":39,"column":0},"end":{"line":39,"column":null}},"loc":{"start":{"line":39,"column":0},"end":{"line":41,"column":null}}}},"branchMap":{},"s":{"0":1,"1":1,"2":1,"3":0,"4":0},"f":{"0":0,"1":0},"b":{}}
,"C:\\Users\\Eliedson Holanda\\meta\\siapen-frontend\\src\\views\\prisional\\cela\\list.vue": {"path":"C:\\Users\\Eliedson Holanda\\meta\\siapen-frontend\\src\\views\\prisional\\cela\\list.vue","statementMap":{"0":{"start":{"line":33,"column":0},"end":{"line":33,"column":null}},"1":{"start":{"line":34,"column":0},"end":{"line":34,"column":null}},"2":{"start":{"line":35,"column":0},"end":{"line":35,"column":null}},"3":{"start":{"line":41,"column":0},"end":{"line":43,"column":null}},"4":{"start":{"line":42,"column":0},"end":{"line":42,"column":null}}},"fnMap":{"0":{"name":"(anonymous_1)","decl":{"start":{"line":40,"column":0},"end":{"line":40,"column":null}},"loc":{"start":{"line":40,"column":0},"end":{"line":44,"column":null}}},"1":{"name":"(anonymous_2)","decl":{"start":{"line":41,"column":0},"end":{"line":41,"column":null}},"loc":{"start":{"line":41,"column":0},"end":{"line":43,"column":null}}}},"branchMap":{},"s":{"0":1,"1":1,"2":1,"3":0,"4":0},"f":{"0":0,"1":0},"b":{}}
,"C:\\Users\\Eliedson Holanda\\meta\\siapen-frontend\\src\\views\\prisional\\defeito\\list.vue": {"path":"C:\\Users\\Eliedson Holanda\\meta\\siapen-frontend\\src\\views\\prisional\\defeito\\list.vue","statementMap":{"0":{"start":{"line":26,"column":0},"end":{"line":26,"column":null}}},"fnMap":{},"branchMap":{},"s":{"0":1},"f":{},"b":{}}
,"C:\\Users\\Eliedson Holanda\\meta\\siapen-frontend\\src\\views\\prisional\\sistema-penal\\list.vue": {"path":"C:\\Users\\Eliedson Holanda\\meta\\siapen-frontend\\src\\views\\prisional\\sistema-penal\\list.vue","statementMap":{"0":{"start":{"line":28,"column":0},"end":{"line":28,"column":null}}},"fnMap":{},"branchMap":{},"s":{"0":1},"f":{},"b":{}}
,"C:\\Users\\Eliedson Holanda\\meta\\siapen-frontend\\src\\views\\prisional\\unidade\\list.vue": {"path":"C:\\Users\\Eliedson Holanda\\meta\\siapen-frontend\\src\\views\\prisional\\unidade\\list.vue","statementMap":{"0":{"start":{"line":29,"column":0},"end":{"line":29,"column":null}}},"fnMap":{},"branchMap":{},"s":{"0":1},"f":{},"b":{}}
,"C:\\Users\\Eliedson Holanda\\meta\\siapen-frontend\\src\\views\\servidor\\list.vue": {"path":"C:\\Users\\Eliedson Holanda\\meta\\siapen-frontend\\src\\views\\servidor\\list.vue","statementMap":{"0":{"start":{"line":31,"column":0},"end":{"line":31,"column":null}}},"fnMap":{},"branchMap":{},"s":{"0":1},"f":{},"b":{}}
,"C:\\Users\\Eliedson Holanda\\meta\\siapen-frontend\\src\\views\\visitante\\list.vue": {"path":"C:\\Users\\Eliedson Holanda\\meta\\siapen-frontend\\src\\views\\visitante\\list.vue","statementMap":{"0":{"start":{"line":33,"column":0},"end":{"line":33,"column":null}}},"fnMap":{},"branchMap":{},"s":{"0":1},"f":{},"b":{}}
}
