TN:
SF:C:\Users\Eliedson Holanda\meta\siapen-frontend\src\components\ConfirmDialog.vue
FN:41,(anonymous_1)
FN:58,(anonymous_2)
FN:63,(anonymous_3)
FN:68,(anonymous_4)
FN:72,(anonymous_5)
FNF:5
FNH:0
FNDA:0,(anonymous_1)
FNDA:0,(anonymous_2)
FNDA:0,(anonymous_3)
FNDA:0,(anonymous_4)
FNDA:0,(anonymous_5)
DA:42,0
DA:59,0
DA:60,0
DA:61,0
DA:62,0
DA:63,0
DA:64,0
DA:65,0
DA:69,0
DA:70,0
DA:73,0
DA:74,0
LF:12
LH:0
BRF:0
BRH:0
end_of_record
TN:
SF:C:\Users\Eliedson Holanda\meta\siapen-frontend\src\components\PromptDialog.vue
FN:48,(anonymous_1)
FN:66,(anonymous_2)
FN:71,(anonymous_3)
FN:76,(anonymous_4)
FN:81,(anonymous_5)
FNF:5
FNH:0
FNDA:0,(anonymous_1)
FNDA:0,(anonymous_2)
FNDA:0,(anonymous_3)
FNDA:0,(anonymous_4)
FNDA:0,(anonymous_5)
DA:49,0
DA:67,0
DA:68,0
DA:69,0
DA:70,0
DA:71,0
DA:72,0
DA:73,0
DA:77,0
DA:78,0
DA:79,0
DA:82,0
DA:83,0
DA:84,0
LF:14
LH:0
BRF:0
BRH:0
end_of_record
TN:
SF:C:\Users\Eliedson Holanda\meta\siapen-frontend\src\components\SimpleDialog.vue
FN:20,(anonymous_1)
FN:36,(anonymous_2)
FN:40,(anonymous_3)
FN:45,(anonymous_4)
FN:49,(anonymous_5)
FNF:5
FNH:0
FNDA:0,(anonymous_1)
FNDA:0,(anonymous_2)
FNDA:0,(anonymous_3)
FNDA:0,(anonymous_4)
FNDA:0,(anonymous_5)
DA:21,0
DA:37,0
DA:38,0
DA:39,0
DA:40,0
DA:41,0
DA:42,0
DA:46,0
DA:47,0
DA:50,0
DA:51,0
LF:11
LH:0
BRF:0
BRH:0
end_of_record
TN:
SF:C:\Users\Eliedson Holanda\meta\siapen-frontend\src\components\TreeDialog.vue
FN:25,(anonymous_1)
FN:42,(anonymous_2)
FN:45,(anonymous_3)
FN:50,(anonymous_4)
FN:54,(anonymous_5)
FN:59,(anonymous_6)
FN:63,(anonymous_7)
FNF:7
FNH:0
FNDA:0,(anonymous_1)
FNDA:0,(anonymous_2)
FNDA:0,(anonymous_3)
FNDA:0,(anonymous_4)
FNDA:0,(anonymous_5)
FNDA:0,(anonymous_6)
FNDA:0,(anonymous_7)
DA:26,0
DA:43,0
DA:46,0
DA:51,0
DA:52,0
DA:53,0
DA:54,0
DA:55,0
DA:56,0
DA:60,0
DA:61,0
DA:64,0
DA:65,0
LF:13
LH:0
BRDA:46,0,0,0
BRDA:46,0,1,0
BRF:2
BRH:0
end_of_record
TN:
SF:C:\Users\Eliedson Holanda\meta\siapen-frontend\src\components\VTable.vue
FN:261,(anonymous_1)
FN:271,(anonymous_2)
FN:276,(anonymous_3)
FN:281,(anonymous_4)
FN:295,(anonymous_5)
FN:298,(anonymous_6)
FN:301,(anonymous_7)
FN:304,(anonymous_8)
FN:307,(anonymous_9)
FN:321,(anonymous_10)
FN:329,(anonymous_11)
FN:335,(anonymous_12)
FN:346,(anonymous_13)
FN:354,(anonymous_14)
FN:361,(anonymous_15)
FN:367,(anonymous_16)
FN:375,(anonymous_17)
FN:381,(anonymous_18)
FN:384,(anonymous_19)
FN:402,(anonymous_20)
FN:415,(anonymous_21)
FN:418,(anonymous_22)
FN:421,(anonymous_23)
FN:424,(anonymous_24)
FN:428,(anonymous_25)
FNF:25
FNH:0
FNDA:0,(anonymous_1)
FNDA:0,(anonymous_2)
FNDA:0,(anonymous_3)
FNDA:0,(anonymous_4)
FNDA:0,(anonymous_5)
FNDA:0,(anonymous_6)
FNDA:0,(anonymous_7)
FNDA:0,(anonymous_8)
FNDA:0,(anonymous_9)
FNDA:0,(anonymous_10)
FNDA:0,(anonymous_11)
FNDA:0,(anonymous_12)
FNDA:0,(anonymous_13)
FNDA:0,(anonymous_14)
FNDA:0,(anonymous_15)
FNDA:0,(anonymous_16)
FNDA:0,(anonymous_17)
FNDA:0,(anonymous_18)
FNDA:0,(anonymous_19)
FNDA:0,(anonymous_20)
FNDA:0,(anonymous_21)
FNDA:0,(anonymous_22)
FNDA:0,(anonymous_23)
FNDA:0,(anonymous_24)
FNDA:0,(anonymous_25)
DA:245,31
DA:246,31
DA:247,31
DA:248,31
DA:262,0
DA:272,0
DA:277,0
DA:282,0
DA:283,0
DA:292,0
DA:293,0
DA:296,0
DA:299,0
DA:302,0
DA:305,0
DA:308,0
DA:312,0
DA:313,0
DA:321,0
DA:323,0
DA:328,0
DA:331,0
DA:336,0
DA:342,0
DA:346,0
DA:348,0
DA:353,0
DA:356,0
DA:357,0
DA:362,0
DA:367,0
DA:369,0
DA:374,0
DA:377,0
DA:378,0
DA:382,0
DA:385,0
DA:389,0
DA:390,0
DA:391,0
DA:394,0
DA:403,0
DA:407,0
DA:408,0
DA:409,0
DA:416,0
DA:419,0
DA:422,0
DA:425,0
DA:426,0
DA:429,0
DA:430,0
LF:52
LH:4
BRDA:277,0,0,0
BRDA:277,0,1,0
BRDA:288,1,0,0
BRDA:288,1,1,0
BRDA:305,2,0,0
BRDA:305,2,1,0
BRDA:312,3,0,0
BRDA:312,3,1,0
BRDA:336,4,0,0
BRDA:336,4,1,0
BRDA:382,5,0,0
BRDA:382,5,1,0
BRDA:385,6,0,0
BRDA:385,6,1,0
BRDA:389,7,0,0
BRDA:389,7,1,0
BRDA:391,8,0,0
BRDA:391,8,1,0
BRDA:403,9,0,0
BRDA:403,9,1,0
BRDA:407,10,0,0
BRDA:407,10,1,0
BRF:22
BRH:0
end_of_record
TN:
SF:C:\Users\Eliedson Holanda\meta\siapen-frontend\src\config\request.js
FN:13,(anonymous_0)
FN:22,(anonymous_1)
FN:26,(anonymous_2)
FN:29,(anonymous_3)
FNF:4
FNH:0
FNDA:0,(anonymous_0)
FNDA:0,(anonymous_1)
FNDA:0,(anonymous_2)
FNDA:0,(anonymous_3)
DA:5,31
DA:13,31
DA:14,0
DA:15,0
DA:17,0
DA:18,0
DA:21,0
DA:23,0
DA:26,31
DA:27,0
DA:28,0
DA:30,0
DA:31,0
DA:32,0
DA:35,0
LF:15
LH:3
BRDA:17,0,0,0
BRDA:17,0,1,0
BRDA:17,1,0,0
BRDA:17,1,1,0
BRDA:31,2,0,0
BRDA:31,2,1,0
BRF:6
BRH:0
end_of_record
TN:
SF:C:\Users\Eliedson Holanda\meta\siapen-frontend\src\mixins\generic.js
FN:7,(anonymous_0)
FN:12,(anonymous_1)
FN:49,(anonymous_2)
FN:55,(anonymous_3)
FN:61,(anonymous_4)
FN:65,(anonymous_5)
FN:69,(anonymous_6)
FN:73,(anonymous_7)
FN:76,(anonymous_8)
FN:79,(anonymous_9)
FN:84,(anonymous_10)
FNF:11
FNH:0
FNDA:0,(anonymous_0)
FNDA:0,(anonymous_1)
FNDA:0,(anonymous_2)
FNDA:0,(anonymous_3)
FNDA:0,(anonymous_4)
FNDA:0,(anonymous_5)
FNDA:0,(anonymous_6)
FNDA:0,(anonymous_7)
FNDA:0,(anonymous_8)
FNDA:0,(anonymous_9)
FNDA:0,(anonymous_10)
DA:5,31
DA:8,0
DA:13,0
DA:14,0
DA:15,0
DA:16,0
DA:17,0
DA:18,0
DA:24,0
DA:29,0
DA:32,0
DA:33,0
DA:34,0
DA:39,0
DA:41,0
DA:46,0
DA:50,0
DA:52,0
DA:53,0
DA:56,0
DA:58,0
DA:59,0
DA:62,0
DA:63,0
DA:66,0
DA:67,0
DA:70,0
DA:71,0
DA:74,0
DA:77,0
DA:80,0
DA:81,0
DA:82,0
DA:85,0
DA:86,0
DA:87,0
LF:36
LH:1
BRDA:13,0,0,0
BRDA:13,0,1,0
BRDA:17,1,0,0
BRDA:17,1,1,0
BRDA:33,2,0,0
BRDA:33,2,1,0
BRDA:50,3,0,0
BRDA:50,3,1,0
BRDA:56,4,0,0
BRDA:56,4,1,0
BRDA:62,5,0,0
BRDA:62,5,1,0
BRDA:66,6,0,0
BRDA:66,6,1,0
BRDA:70,7,0,0
BRDA:70,7,1,0
BRDA:80,8,0,0
BRDA:80,8,1,0
BRDA:85,9,0,0
BRDA:85,9,1,0
BRF:20
BRH:0
end_of_record
TN:
SF:C:\Users\Eliedson Holanda\meta\siapen-frontend\src\plugins\i18n.js
FNF:0
FNH:0
DA:4,31
DA:6,31
DA:10,31
LF:3
LH:3
BRF:0
BRH:0
end_of_record
TN:
SF:C:\Users\Eliedson Holanda\meta\siapen-frontend\src\router\index.js
FN:7,(anonymous_0)
FN:133,(anonymous_1)
FN:136,(anonymous_2)
FN:146,(anonymous_3)
FN:157,(anonymous_4)
FNF:5
FNH:1
FNDA:0,(anonymous_0)
FNDA:3441,(anonymous_1)
FNDA:0,(anonymous_2)
FNDA:0,(anonymous_3)
FNDA:0,(anonymous_4)
DA:5,31
DA:7,31
DA:9,31
DA:133,31
DA:134,3441
DA:136,0
DA:140,31
DA:147,0
DA:157,31
DA:158,0
DA:159,0
DA:160,0
LF:12
LH:7
BRDA:159,0,0,0
BRDA:159,0,1,0
BRDA:159,1,0,0
BRDA:159,1,1,0
BRF:4
BRH:0
end_of_record
TN:
SF:C:\Users\Eliedson Holanda\meta\siapen-frontend\src\services\BlocoService.js
FN:3,(anonymous_0)
FN:7,(anonymous_1)
FNF:2
FNH:0
FNDA:0,(anonymous_0)
FNDA:0,(anonymous_1)
DA:3,1
DA:4,0
DA:7,1
DA:8,0
LF:4
LH:2
BRF:0
BRH:0
end_of_record
TN:
SF:C:\Users\Eliedson Holanda\meta\siapen-frontend\src\services\CelaService.js
FN:3,(anonymous_0)
FN:7,(anonymous_1)
FNF:2
FNH:0
FNDA:0,(anonymous_0)
FNDA:0,(anonymous_1)
DA:3,1
DA:4,0
DA:7,1
DA:8,0
LF:4
LH:2
BRF:0
BRH:0
end_of_record
TN:
SF:C:\Users\Eliedson Holanda\meta\siapen-frontend\src\services\SetorService.js
FN:3,(anonymous_0)
FN:7,(anonymous_1)
FN:11,(anonymous_2)
FN:15,(anonymous_3)
FN:19,(anonymous_4)
FN:37,(anonymous_5)
FN:41,(anonymous_6)
FN:45,(anonymous_7)
FN:49,(anonymous_8)
FNF:9
FNH:0
FNDA:0,(anonymous_0)
FNDA:0,(anonymous_1)
FNDA:0,(anonymous_2)
FNDA:0,(anonymous_3)
FNDA:0,(anonymous_4)
FNDA:0,(anonymous_5)
FNDA:0,(anonymous_6)
FNDA:0,(anonymous_7)
FNDA:0,(anonymous_8)
DA:3,1
DA:4,0
DA:7,1
DA:8,0
DA:11,1
DA:12,0
DA:15,1
DA:16,0
DA:19,1
DA:20,0
DA:21,0
DA:24,0
DA:25,0
DA:28,0
DA:29,0
DA:32,0
DA:37,1
DA:38,0
DA:41,1
DA:42,0
DA:45,1
DA:46,0
DA:49,1
DA:50,0
LF:24
LH:9
BRDA:20,0,0,0
BRDA:20,0,1,0
BRDA:24,1,0,0
BRDA:24,1,1,0
BRDA:28,2,0,0
BRDA:28,2,1,0
BRF:6
BRH:0
end_of_record
TN:
SF:C:\Users\Eliedson Holanda\meta\siapen-frontend\src\services\auth.service.js
FN:10,(anonymous_0)
FN:14,(anonymous_1)
FN:22,(anonymous_2)
FN:32,(anonymous_3)
FN:35,(anonymous_4)
FN:40,(anonymous_5)
FN:45,(anonymous_6)
FN:51,(anonymous_7)
FN:55,(anonymous_8)
FN:59,(anonymous_9)
FN:65,(anonymous_10)
FNF:11
FNH:0
FNDA:0,(anonymous_0)
FNDA:0,(anonymous_1)
FNDA:0,(anonymous_2)
FNDA:0,(anonymous_3)
FNDA:0,(anonymous_4)
FNDA:0,(anonymous_5)
FNDA:0,(anonymous_6)
FNDA:0,(anonymous_7)
FNDA:0,(anonymous_8)
FNDA:0,(anonymous_9)
FNDA:0,(anonymous_10)
DA:6,31
DA:10,31
DA:11,0
DA:14,31
DA:15,0
DA:16,0
DA:17,0
DA:18,0
DA:19,0
DA:22,31
DA:23,0
DA:24,0
DA:27,0
DA:28,0
DA:29,0
DA:32,31
DA:33,0
DA:36,0
DA:37,0
DA:38,0
DA:41,0
DA:45,31
DA:46,0
DA:47,0
DA:48,0
DA:51,31
DA:52,0
DA:55,31
DA:56,0
DA:57,0
DA:60,0
DA:61,0
DA:65,31
DA:66,0
LF:34
LH:9
BRDA:23,0,0,0
BRDA:23,0,1,0
BRF:2
BRH:0
end_of_record
TN:
SF:C:\Users\Eliedson Holanda\meta\siapen-frontend\src\services\generic.service.js
FN:7,(anonymous_0)
FN:13,(anonymous_1)
FN:19,(anonymous_2)
FN:25,(anonymous_3)
FN:31,(anonymous_4)
FNF:5
FNH:0
FNDA:0,(anonymous_0)
FNDA:0,(anonymous_1)
FNDA:0,(anonymous_2)
FNDA:0,(anonymous_3)
FNDA:0,(anonymous_4)
DA:8,0
DA:14,0
DA:20,0
DA:26,0
DA:32,0
LF:5
LH:0
BRF:0
BRH:0
end_of_record
TN:
SF:C:\Users\Eliedson Holanda\meta\siapen-frontend\src\shared\endpoints.js
FNF:0
FNH:0
DA:1,31
LF:1
LH:1
BRF:0
BRH:0
end_of_record
TN:
SF:C:\Users\Eliedson Holanda\meta\siapen-frontend\src\shared\mensagens.js
FN:1,(anonymous_0)
FNF:1
FNH:0
FNDA:0,(anonymous_0)
DA:1,31
DA:2,0
DA:44,0
LF:3
LH:1
BRF:0
BRH:0
end_of_record
TN:
SF:C:\Users\Eliedson Holanda\meta\siapen-frontend\src\store\index.js
FNF:0
FNH:0
DA:6,31
LF:1
LH:1
BRF:0
BRH:0
end_of_record
TN:
SF:C:\Users\Eliedson Holanda\meta\siapen-frontend\src\store\modules\loading\index.js
FN:7,(anonymous_0)
FN:12,(anonymous_1)
FNF:2
FNH:0
FNDA:0,(anonymous_0)
FNDA:0,(anonymous_1)
DA:8,0
DA:13,0
LF:2
LH:0
BRF:0
BRH:0
end_of_record
TN:
SF:C:\Users\Eliedson Holanda\meta\siapen-frontend\src\store\modules\snackbar\index.js
FN:7,(anonymous_0)
FN:9,(anonymous_1)
FN:17,(anonymous_2)
FNF:3
FNH:0
FNDA:0,(anonymous_0)
FNDA:0,(anonymous_1)
FNDA:0,(anonymous_2)
DA:8,0
DA:9,0
DA:11,0
DA:12,0
DA:18,0
DA:19,0
DA:20,0
LF:7
LH:0
BRDA:9,0,0,0
BRDA:9,0,1,0
BRDA:11,1,0,0
BRDA:11,1,1,0
BRDA:19,2,0,0
BRDA:19,2,1,0
BRF:6
BRH:0
end_of_record
TN:
SF:C:\Users\Eliedson Holanda\meta\siapen-frontend\src\views\advogado\list.vue
FNF:0
FNH:0
DA:31,1
LF:1
LH:1
BRF:0
BRH:0
end_of_record
TN:
SF:C:\Users\Eliedson Holanda\meta\siapen-frontend\src\views\inteligencia\faccao\list.vue
FNF:0
FNH:0
DA:29,1
LF:1
LH:1
BRF:0
BRH:0
end_of_record
TN:
SF:C:\Users\Eliedson Holanda\meta\siapen-frontend\src\views\inteligencia\faccao-cargo\list.vue
FNF:0
FNH:0
DA:28,1
LF:1
LH:1
BRF:0
BRH:0
end_of_record
TN:
SF:C:\Users\Eliedson Holanda\meta\siapen-frontend\src\views\inteligencia\faccao-grupo\list.vue
FNF:0
FNH:0
DA:28,1
LF:1
LH:1
BRF:0
BRH:0
end_of_record
TN:
SF:C:\Users\Eliedson Holanda\meta\siapen-frontend\src\views\parametrizacao\cargo\list.vue
FNF:0
FNH:0
DA:26,1
LF:1
LH:1
BRF:0
BRH:0
end_of_record
TN:
SF:C:\Users\Eliedson Holanda\meta\siapen-frontend\src\views\parametrizacao\comportamento-interno\list.vue
FNF:0
FNH:0
DA:26,1
LF:1
LH:1
BRF:0
BRH:0
end_of_record
TN:
SF:C:\Users\Eliedson Holanda\meta\siapen-frontend\src\views\parametrizacao\estado-civil\list.vue
FNF:0
FNH:0
DA:26,1
LF:1
LH:1
BRF:0
BRH:0
end_of_record
TN:
SF:C:\Users\Eliedson Holanda\meta\siapen-frontend\src\views\parametrizacao\funcao\list.vue
FNF:0
FNH:0
DA:26,1
LF:1
LH:1
BRF:0
BRH:0
end_of_record
TN:
SF:C:\Users\Eliedson Holanda\meta\siapen-frontend\src\views\parametrizacao\genero\list.vue
FNF:0
FNH:0
DA:26,1
LF:1
LH:1
BRF:0
BRH:0
end_of_record
TN:
SF:C:\Users\Eliedson Holanda\meta\siapen-frontend\src\views\parametrizacao\grau-instrucao\list.vue
FNF:0
FNH:0
DA:26,1
LF:1
LH:1
BRF:0
BRH:0
end_of_record
TN:
SF:C:\Users\Eliedson Holanda\meta\siapen-frontend\src\views\parametrizacao\grau-periculosidade\list.vue
FNF:0
FNH:0
DA:28,1
LF:1
LH:1
BRF:0
BRH:0
end_of_record
TN:
SF:C:\Users\Eliedson Holanda\meta\siapen-frontend\src\views\parametrizacao\necessidade-especial\list.vue
FNF:0
FNH:0
DA:26,1
LF:1
LH:1
BRF:0
BRH:0
end_of_record
TN:
SF:C:\Users\Eliedson Holanda\meta\siapen-frontend\src\views\parametrizacao\norma-juridica\list.vue
FNF:0
FNH:0
DA:29,1
LF:1
LH:1
BRF:0
BRH:0
end_of_record
TN:
SF:C:\Users\Eliedson Holanda\meta\siapen-frontend\src\views\parametrizacao\orgao-expedidor\list.vue
FNF:0
FNH:0
DA:28,1
LF:1
LH:1
BRF:0
BRH:0
end_of_record
TN:
SF:C:\Users\Eliedson Holanda\meta\siapen-frontend\src\views\parametrizacao\orientacao-sexual\list.vue
FNF:0
FNH:0
DA:26,1
LF:1
LH:1
BRF:0
BRH:0
end_of_record
TN:
SF:C:\Users\Eliedson Holanda\meta\siapen-frontend\src\views\parametrizacao\profissao\list.vue
FNF:0
FNH:0
DA:26,1
LF:1
LH:1
BRF:0
BRH:0
end_of_record
TN:
SF:C:\Users\Eliedson Holanda\meta\siapen-frontend\src\views\parametrizacao\raca\list.vue
FNF:0
FNH:0
DA:26,1
LF:1
LH:1
BRF:0
BRH:0
end_of_record
TN:
SF:C:\Users\Eliedson Holanda\meta\siapen-frontend\src\views\parametrizacao\regime-prisional\list.vue
FNF:0
FNH:0
DA:26,1
LF:1
LH:1
BRF:0
BRH:0
end_of_record
TN:
SF:C:\Users\Eliedson Holanda\meta\siapen-frontend\src\views\parametrizacao\religiao\list.vue
FNF:0
FNH:0
DA:26,1
LF:1
LH:1
BRF:0
BRH:0
end_of_record
TN:
SF:C:\Users\Eliedson Holanda\meta\siapen-frontend\src\views\parametrizacao\setor\list.vue
FN:37,(anonymous_1)
FN:38,(anonymous_2)
FNF:2
FNH:0
FNDA:0,(anonymous_1)
FNDA:0,(anonymous_2)
DA:30,1
DA:31,1
DA:32,1
DA:38,0
DA:39,0
LF:5
LH:3
BRF:0
BRH:0
end_of_record
TN:
SF:C:\Users\Eliedson Holanda\meta\siapen-frontend\src\views\parametrizacao\telefone\list.vue
FNF:0
FNH:0
DA:29,1
LF:1
LH:1
BRF:0
BRH:0
end_of_record
TN:
SF:C:\Users\Eliedson Holanda\meta\siapen-frontend\src\views\parametrizacao\tipo-documento\list.vue
FNF:0
FNH:0
DA:26,1
LF:1
LH:1
BRF:0
BRH:0
end_of_record
TN:
SF:C:\Users\Eliedson Holanda\meta\siapen-frontend\src\views\parametrizacao\titulo\list.vue
FNF:0
FNH:0
DA:28,1
LF:1
LH:1
BRF:0
BRH:0
end_of_record
TN:
SF:C:\Users\Eliedson Holanda\meta\siapen-frontend\src\views\parametrizacao\vinculo\list.vue
FNF:0
FNH:0
DA:26,1
LF:1
LH:1
BRF:0
BRH:0
end_of_record
TN:
SF:C:\Users\Eliedson Holanda\meta\siapen-frontend\src\views\prisional\bloco\list.vue
FN:38,(anonymous_1)
FN:39,(anonymous_2)
FNF:2
FNH:0
FNDA:0,(anonymous_1)
FNDA:0,(anonymous_2)
DA:31,1
DA:32,1
DA:33,1
DA:39,0
DA:40,0
LF:5
LH:3
BRF:0
BRH:0
end_of_record
TN:
SF:C:\Users\Eliedson Holanda\meta\siapen-frontend\src\views\prisional\cela\list.vue
FN:40,(anonymous_1)
FN:41,(anonymous_2)
FNF:2
FNH:0
FNDA:0,(anonymous_1)
FNDA:0,(anonymous_2)
DA:33,1
DA:34,1
DA:35,1
DA:41,0
DA:42,0
LF:5
LH:3
BRF:0
BRH:0
end_of_record
TN:
SF:C:\Users\Eliedson Holanda\meta\siapen-frontend\src\views\prisional\defeito\list.vue
FNF:0
FNH:0
DA:26,1
LF:1
LH:1
BRF:0
BRH:0
end_of_record
TN:
SF:C:\Users\Eliedson Holanda\meta\siapen-frontend\src\views\prisional\sistema-penal\list.vue
FNF:0
FNH:0
DA:28,1
LF:1
LH:1
BRF:0
BRH:0
end_of_record
TN:
SF:C:\Users\Eliedson Holanda\meta\siapen-frontend\src\views\prisional\unidade\list.vue
FNF:0
FNH:0
DA:29,1
LF:1
LH:1
BRF:0
BRH:0
end_of_record
TN:
SF:C:\Users\Eliedson Holanda\meta\siapen-frontend\src\views\servidor\list.vue
FNF:0
FNH:0
DA:31,1
LF:1
LH:1
BRF:0
BRH:0
end_of_record
TN:
SF:C:\Users\Eliedson Holanda\meta\siapen-frontend\src\views\visitante\list.vue
FNF:0
FNH:0
DA:33,1
LF:1
LH:1
BRF:0
BRH:0
end_of_record
